#
# There is insufficient memory for the Java Runtime Environment to continue.
# Native memory allocation (mmap) failed to map 1251999744 bytes for G1 virtual space
# Possible reasons:
#   The system is out of physical RAM or swap space
#   The process is running with CompressedOops enabled, and the Java Heap may be blocking the growth of the native heap
# Possible solutions:
#   Reduce memory load on the system
#   Increase physical memory or swap space
#   Check if swap backing store is full
#   Decrease Java heap size (-Xmx/-Xms)
#   Decrease number of Java threads
#   Decrease Java thread stack sizes (-Xss)
#   Set larger code cache with -XX:ReservedCodeCacheSize=
#   JVM is running with Zero Based Compressed Oops mode in which the Java heap is
#     placed in the first 32GB address space. The Java Heap base address is the
#     maximum limit for the native heap growth. Please use -XX:HeapBaseMinAddress
#     to set the Java Heap base and to place the Java Heap above 32GB virtual address.
# This output file may be truncated or incomplete.
#
#  Out of Memory Error (os_windows.cpp:3535), pid=60132, tid=45916
#
# JRE version: OpenJDK Runtime Environment Temurin-17.0.3+7 (17.0.3+7) (build 17.0.3+7)
# Java VM: OpenJDK 64-Bit Server VM Temurin-17.0.3+7 (17.0.3+7, mixed mode, emulated-client, tiered, compressed oops, compressed class ptrs, g1 gc, windows-amd64)
# No core dump will be written. Minidumps are not enabled by default on client versions of Windows
#

---------------  S U M M A R Y ------------

Command Line: -Dsts.lsp.client=vscode -Dsts.log.file=/dev/null -XX:TieredStopAtLevel=1 -Dspring.config.location=file:c:\Users\losin\.vscode\extensions\pivotal.vscode-spring-boot-1.38.0\language-server\BOOT-INF\classes\application.properties org.springframework.ide.vscode.boot.app.BootLanguageServerBootApp

Host: AMD Ryzen 5 1600 Six-Core Processor            , 12 cores, 15G,  Windows 11 , 64 bit Build 22000 (10.0.22000.708)
Time: Sat Aug 27 02:16:34 2022  Windows 11 , 64 bit Build 22000 (10.0.22000.708) elapsed time: 7.594391 seconds (0d 0h 0m 7s)

---------------  T H R E A D  ---------------

Current thread (0x0000017b21030f10):  VMThread "VM Thread" [stack: 0x000000519de00000,0x000000519df00000] [id=45916]

Stack: [0x000000519de00000,0x000000519df00000]
Native frames: (J=compiled Java code, j=interpreted, Vv=VM code, C=native code)
V  [jvm.dll+0x675efa]
V  [jvm.dll+0x830a24]
V  [jvm.dll+0x8321ce]
V  [jvm.dll+0x832833]
V  [jvm.dll+0x2454b5]
V  [jvm.dll+0x672de9]
V  [jvm.dll+0x667732]
V  [jvm.dll+0x3043ab]
V  [jvm.dll+0x30b8f6]
V  [jvm.dll+0x35b62e]
V  [jvm.dll+0x35b85f]
V  [jvm.dll+0x2db248]
V  [jvm.dll+0x2d94fc]
V  [jvm.dll+0x2d8acc]
V  [jvm.dll+0x31ca2b]
V  [jvm.dll+0x836cdb]
V  [jvm.dll+0x837a14]
V  [jvm.dll+0x837f2c]
V  [jvm.dll+0x838304]
V  [jvm.dll+0x8383d0]
V  [jvm.dll+0x7e0cfa]
V  [jvm.dll+0x674d85]
C  [ucrtbase.dll+0x26c0c]
C  [KERNEL32.DLL+0x154e0]
C  [ntdll.dll+0x485b]

VM_Operation (0x00000051a0cfe840): G1CollectForAllocation, mode: safepoint, requested by thread 0x0000017b22edb450


---------------  P R O C E S S  ---------------

Threads class SMR info:
_java_thread_list=0x0000017b249baaf0, length=45, elements={
0x0000017b21047390, 0x0000017b210486e0, 0x0000017b21087240, 0x0000017b21087b00,
0x0000017b210a5d90, 0x0000017b210aa250, 0x0000017b210af5d0, 0x0000017b210b0670,
0x0000017b2118a3f0, 0x0000017b212b91e0, 0x0000017b212c2df0, 0x0000017b21b6f400,
0x0000017b21b6d090, 0x0000017b22b76f70, 0x0000017b22e4d310, 0x0000017b22de12a0,
0x0000017b0e0eba20, 0x0000017b22de1770, 0x0000017b22eb4a00, 0x0000017b22eb7080,
0x0000017b22eb4ed0, 0x0000017b22eb6bb0, 0x0000017b22eb53a0, 0x0000017b22eb4530,
0x0000017b22eb5870, 0x0000017b22eb7550, 0x0000017b22eb4060, 0x0000017b22eb5d40,
0x0000017b22eb7a20, 0x0000017b22eb6210, 0x0000017b22eb66e0, 0x0000017b22ed7f60,
0x0000017b22eda5e0, 0x0000017b22edaf80, 0x0000017b22edb450, 0x0000017b22ed92a0,
0x0000017b22ed4f40, 0x0000017b22ed9770, 0x0000017b22ed75c0, 0x0000017b22edbdf0,
0x0000017b22ed9c40, 0x0000017b22ed6c20, 0x0000017b22edb920, 0x0000017b22edaab0,
0x0000017b22ed4a70
}

Java Threads: ( => current thread )
  0x0000017b21047390 JavaThread "Reference Handler" daemon [_thread_blocked, id=56620, stack(0x000000519df00000,0x000000519e000000)]
  0x0000017b210486e0 JavaThread "Finalizer" daemon [_thread_blocked, id=56436, stack(0x000000519e000000,0x000000519e100000)]
  0x0000017b21087240 JavaThread "Signal Dispatcher" daemon [_thread_blocked, id=46836, stack(0x000000519e100000,0x000000519e200000)]
  0x0000017b21087b00 JavaThread "Attach Listener" daemon [_thread_blocked, id=60652, stack(0x000000519e200000,0x000000519e300000)]
  0x0000017b210a5d90 JavaThread "Service Thread" daemon [_thread_blocked, id=61536, stack(0x000000519e300000,0x000000519e400000)]
  0x0000017b210aa250 JavaThread "Monitor Deflation Thread" daemon [_thread_blocked, id=22280, stack(0x000000519e400000,0x000000519e500000)]
  0x0000017b210af5d0 JavaThread "C1 CompilerThread0" daemon [_thread_blocked, id=59796, stack(0x000000519e500000,0x000000519e600000)]
  0x0000017b210b0670 JavaThread "Sweeper thread" daemon [_thread_blocked, id=49776, stack(0x000000519e600000,0x000000519e700000)]
  0x0000017b2118a3f0 JavaThread "C1 CompilerThread1" daemon [_thread_blocked, id=61468, stack(0x000000519e700000,0x000000519e800000)]
  0x0000017b212b91e0 JavaThread "Notification Thread" daemon [_thread_blocked, id=60868, stack(0x000000519e800000,0x000000519e900000)]
  0x0000017b212c2df0 JavaThread "Common-Cleaner" daemon [_thread_blocked, id=38992, stack(0x000000519ea00000,0x000000519eb00000)]
  0x0000017b21b6f400 JavaThread "C1 CompilerThread2" daemon [_thread_blocked, id=53772, stack(0x000000519eb00000,0x000000519ec00000)]
  0x0000017b21b6d090 JavaThread "C1 CompilerThread3" daemon [_thread_blocked, id=45736, stack(0x000000519ec00000,0x000000519ed00000)]
  0x0000017b22b76f70 JavaThread "ForkJoinPool.commonPool-worker-1" daemon [_thread_blocked, id=47632, stack(0x000000519f200000,0x000000519f300000)]
  0x0000017b22e4d310 JavaThread "pool-7-thread-1" [_thread_blocked, id=56740, stack(0x000000519f900000,0x000000519fa00000)]
  0x0000017b22de12a0 JavaThread "LanguageServerApp-lifecycle" [_thread_blocked, id=13160, stack(0x000000519fa00000,0x000000519fb00000)]
  0x0000017b0e0eba20 JavaThread "DestroyJavaVM" [_thread_blocked, id=37240, stack(0x000000519d800000,0x000000519d900000)]
  0x0000017b22de1770 JavaThread "ClassGraph-worker-0" daemon [_thread_blocked, id=45164, stack(0x000000519fb00000,0x000000519fc00000)]
  0x0000017b22eb4a00 JavaThread "ClassGraph-worker-1" daemon [_thread_blocked, id=17168, stack(0x000000519fc00000,0x000000519fd00000)]
  0x0000017b22eb7080 JavaThread "ClassGraph-worker-2" daemon [_thread_blocked, id=62100, stack(0x000000519fd00000,0x000000519fe00000)]
  0x0000017b22eb4ed0 JavaThread "ClassGraph-worker-3" daemon [_thread_blocked, id=61004, stack(0x000000519fe00000,0x000000519ff00000)]
  0x0000017b22eb6bb0 JavaThread "ClassGraph-worker-4" daemon [_thread_blocked, id=62128, stack(0x000000519ff00000,0x00000051a0000000)]
  0x0000017b22eb53a0 JavaThread "ClassGraph-worker-5" daemon [_thread_blocked, id=62220, stack(0x00000051a0000000,0x00000051a0100000)]
  0x0000017b22eb4530 JavaThread "ClassGraph-worker-6" daemon [_thread_blocked, id=30472, stack(0x00000051a0100000,0x00000051a0200000)]
  0x0000017b22eb5870 JavaThread "ClassGraph-worker-7" daemon [_thread_blocked, id=60736, stack(0x00000051a0200000,0x00000051a0300000)]
  0x0000017b22eb7550 JavaThread "ClassGraph-worker-8" daemon [_thread_blocked, id=22836, stack(0x00000051a0300000,0x00000051a0400000)]
  0x0000017b22eb4060 JavaThread "ClassGraph-worker-9" daemon [_thread_blocked, id=22792, stack(0x00000051a0400000,0x00000051a0500000)]
  0x0000017b22eb5d40 JavaThread "ClassGraph-worker-10" daemon [_thread_blocked, id=59372, stack(0x00000051a0500000,0x00000051a0600000)]
  0x0000017b22eb7a20 JavaThread "ClassGraph-worker-11" daemon [_thread_blocked, id=61712, stack(0x00000051a0600000,0x00000051a0700000)]
  0x0000017b22eb6210 JavaThread "ClassGraph-worker-12" daemon [_thread_blocked, id=46252, stack(0x00000051a0700000,0x00000051a0800000)]
  0x0000017b22eb66e0 JavaThread "ClassGraph-worker-13" daemon [_thread_blocked, id=53492, stack(0x00000051a0800000,0x00000051a0900000)]
  0x0000017b22ed7f60 JavaThread "ClassGraph-worker-14" daemon [_thread_blocked, id=61416, stack(0x00000051a0900000,0x00000051a0a00000)]
  0x0000017b22eda5e0 JavaThread "ClassGraph-worker-15" daemon [_thread_blocked, id=60980, stack(0x00000051a0a00000,0x00000051a0b00000)]
  0x0000017b22edaf80 JavaThread "ClassGraph-worker-16" daemon [_thread_blocked, id=31436, stack(0x00000051a0b00000,0x00000051a0c00000)]
  0x0000017b22edb450 JavaThread "ClassGraph-worker-17" daemon [_thread_blocked, id=62356, stack(0x00000051a0c00000,0x00000051a0d00000)]
  0x0000017b22ed92a0 JavaThread "ClassGraph-worker-18" daemon [_thread_blocked, id=29580, stack(0x00000051a0d00000,0x00000051a0e00000)]
  0x0000017b22ed4f40 JavaThread "pool-8-thread-1" [_thread_in_native, id=58728, stack(0x00000051a0e00000,0x00000051a0f00000)]
  0x0000017b22ed9770 JavaThread "Simple-Language-Server main thread" daemon [_thread_blocked, id=59500, stack(0x00000051a0f00000,0x00000051a1000000)]
  0x0000017b22ed75c0 JavaThread "pool-5-thread-1" [_thread_blocked, id=60572, stack(0x00000051a1300000,0x00000051a1400000)]
  0x0000017b22edbdf0 JavaThread "parallel-1" daemon [_thread_blocked, id=52668, stack(0x00000051a1400000,0x00000051a1500000)]
  0x0000017b22ed9c40 JavaThread "pool-2-thread-1" [_thread_blocked, id=58424, stack(0x00000051a1500000,0x00000051a1600000)]
  0x0000017b22ed6c20 JavaThread "ForkJoinPool.commonPool-worker-2" daemon [_thread_blocked, id=61048, stack(0x00000051a1600000,0x00000051a1700000)]
  0x0000017b22edb920 JavaThread "pool-2-thread-2" [_thread_blocked, id=47488, stack(0x00000051a1700000,0x00000051a1800000)]
  0x0000017b22edaab0 JavaThread "Reconciler-1" daemon [_thread_blocked, id=28460, stack(0x00000051a1800000,0x00000051a1900000)]
  0x0000017b22ed4a70 JavaThread "parallel-2" daemon [_thread_blocked, id=47364, stack(0x00000051a1b00000,0x00000051a1c00000)]

Other Threads:
=>0x0000017b21030f10 VMThread "VM Thread" [stack: 0x000000519de00000,0x000000519df00000] [id=45916]
  0x0000017b212b96b0 WatcherThread [stack: 0x000000519e900000,0x000000519ea00000] [id=59564]
  0x0000017b0e1572e0 GCTaskThread "GC Thread#0" [stack: 0x000000519d900000,0x000000519da00000] [id=59948]
  0x0000017b21bfe650 GCTaskThread "GC Thread#1" [stack: 0x000000519ed00000,0x000000519ee00000] [id=59832]
  0x0000017b21bfe900 GCTaskThread "GC Thread#2" [stack: 0x000000519ee00000,0x000000519ef00000] [id=43120]
  0x0000017b21bfebb0 GCTaskThread "GC Thread#3" [stack: 0x000000519ef00000,0x000000519f000000] [id=61980]
  0x0000017b2242f820 GCTaskThread "GC Thread#4" [stack: 0x000000519f000000,0x000000519f100000] [id=61604]
  0x0000017b2242fad0 GCTaskThread "GC Thread#5" [stack: 0x000000519f100000,0x000000519f200000] [id=61060]
  0x0000017b2261d420 GCTaskThread "GC Thread#6" [stack: 0x000000519f300000,0x000000519f400000] [id=37192]
  0x0000017b2265e780 GCTaskThread "GC Thread#7" [stack: 0x000000519f400000,0x000000519f500000] [id=59824]
  0x0000017b2265f450 GCTaskThread "GC Thread#8" [stack: 0x000000519f500000,0x000000519f600000] [id=62044]
  0x0000017b2265f700 GCTaskThread "GC Thread#9" [stack: 0x000000519f600000,0x000000519f700000] [id=44956]
  0x0000017b0e168280 ConcurrentGCThread "G1 Main Marker" [stack: 0x000000519da00000,0x000000519db00000] [id=32536]
  0x0000017b0e169430 ConcurrentGCThread "G1 Conc#0" [stack: 0x000000519db00000,0x000000519dc00000] [id=49380]
  0x0000017b227e1d50 ConcurrentGCThread "G1 Conc#1" [stack: 0x000000519f700000,0x000000519f800000] [id=59740]
  0x0000017b22839620 ConcurrentGCThread "G1 Conc#2" [stack: 0x000000519f800000,0x000000519f900000] [id=32252]
  0x0000017b0e1ae100 ConcurrentGCThread "G1 Refine#0" [stack: 0x000000519dc00000,0x000000519dd00000] [id=59780]
  0x0000017b24b14150 ConcurrentGCThread "G1 Refine#1" [stack: 0x00000051a1000000,0x00000051a1100000] [id=61616]
  0x0000017b24820480 ConcurrentGCThread "G1 Refine#2" [stack: 0x00000051a1100000,0x00000051a1200000] [id=26988]
  0x0000017b24b19590 ConcurrentGCThread "G1 Refine#3" [stack: 0x00000051a1200000,0x00000051a1300000] [id=62404]
  0x0000017b24b4f630 ConcurrentGCThread "G1 Refine#4" [stack: 0x00000051a1900000,0x00000051a1a00000] [id=62340]
  0x0000017b24b4e7d0 ConcurrentGCThread "G1 Refine#5" [stack: 0x00000051a1a00000,0x00000051a1b00000] [id=13368]
  0x0000017b0e1ae9c0 ConcurrentGCThread "G1 Service" [stack: 0x000000519dd00000,0x000000519de00000] [id=30196]

Threads with active compile tasks:

VM state: at safepoint (normal execution)

VM Mutex/Monitor currently owned by a thread:  ([mutex/lock_event])
[0x0000017b0be64ae0] Threads_lock - owner thread: 0x0000017b21030f10
[0x0000017b0e0e7b60] Heap_lock - owner thread: 0x0000017b22edb450

Heap address: 0x0000000701000000, size: 4080 MB, Compressed Oops mode: Zero based, Oop shift amount: 3

CDS archive(s) not mapped
Compressed class space mapped at: 0x0000000800000000-0x0000000840000000, reserved size: 1073741824
Narrow klass base: 0x0000000800000000, Narrow klass shift: 0, Narrow klass range: 0x40000000

GC Precious Log:
 CPUs: 12 total, 12 available
 Memory: 16312M
 Large Page Support: Disabled
 NUMA Support: Disabled
 Compressed Oops: Enabled (Zero based)
 Heap Region Size: 2M
 Heap Min Capacity: 8M
 Heap Initial Capacity: 256M
 Heap Max Capacity: 4080M
 Pre-touch: Disabled
 Parallel Workers: 10
 Concurrent Workers: 3
 Concurrent Refinement Workers: 10
 Periodic GC: Disabled

Heap:
 garbage-first heap   total 704512K, used 158896K [0x0000000701000000, 0x0000000800000000)
  region size 2048K, 17 young (34816K), 17 survivors (34816K)
 Metaspace       used 35910K, committed 36224K, reserved 1081344K
  class space    used 4621K, committed 4800K, reserved 1048576K

Heap Regions: E=young(eden), S=young(survivor), O=old, HS=humongous(starts), HC=humongous(continues), CS=collection set, F=free, OA=open archive, CA=closed archive, TAMS=top-at-mark-start (previous, next)
|   0|0x0000000701000000, 0x0000000701200000, 0x0000000701200000|100%| O|  |TAMS 0x0000000701200000, 0x0000000701200000| Untracked 
|   1|0x0000000701200000, 0x0000000701400000, 0x0000000701400000|100%| O|  |TAMS 0x0000000701400000, 0x0000000701400000| Untracked 
|   2|0x0000000701400000, 0x0000000701600000, 0x0000000701600000|100%| O|  |TAMS 0x0000000701600000, 0x0000000701600000| Untracked 
|   3|0x0000000701600000, 0x0000000701800000, 0x0000000701800000|100%| O|  |TAMS 0x0000000701600000, 0x0000000701800000| Untracked 
|   4|0x0000000701800000, 0x0000000701a00000, 0x0000000701a00000|100%| O|  |TAMS 0x0000000701800000, 0x0000000701a00000| Untracked 
|   5|0x0000000701a00000, 0x0000000701c00000, 0x0000000701c00000|100%| O|  |TAMS 0x0000000701a00000, 0x0000000701c00000| Untracked 
|   6|0x0000000701c00000, 0x0000000701e00000, 0x0000000701e00000|100%| O|  |TAMS 0x0000000701c00000, 0x0000000701e00000| Untracked 
|   7|0x0000000701e00000, 0x0000000702000000, 0x0000000702000000|100%| O|  |TAMS 0x0000000701e00000, 0x0000000702000000| Untracked 
|   8|0x0000000702000000, 0x0000000702200000, 0x0000000702200000|100%| O|  |TAMS 0x0000000702000000, 0x0000000702200000| Untracked 
|   9|0x0000000702200000, 0x0000000702400000, 0x0000000702400000|100%| O|  |TAMS 0x0000000702200000, 0x0000000702400000| Untracked 
|  10|0x0000000702400000, 0x0000000702600000, 0x0000000702600000|100%| O|  |TAMS 0x0000000702400000, 0x0000000702600000| Untracked 
|  11|0x0000000702600000, 0x0000000702800000, 0x0000000702800000|100%| O|  |TAMS 0x0000000702600000, 0x0000000702800000| Untracked 
|  12|0x0000000702800000, 0x0000000702a00000, 0x0000000702a00000|100%| O|  |TAMS 0x0000000702800000, 0x0000000702a00000| Untracked 
|  13|0x0000000702a00000, 0x0000000702c00000, 0x0000000702c00000|100%| O|  |TAMS 0x0000000702a00000, 0x0000000702c00000| Untracked 
|  14|0x0000000702c00000, 0x0000000702e00000, 0x0000000702e00000|100%| O|  |TAMS 0x0000000702c00000, 0x0000000702e00000| Untracked 
|  15|0x0000000702e00000, 0x0000000703000000, 0x0000000703000000|100%| O|  |TAMS 0x0000000702e00000, 0x0000000703000000| Untracked 
|  16|0x0000000703000000, 0x0000000703200000, 0x0000000703200000|100%| O|  |TAMS 0x0000000703000000, 0x0000000703200000| Untracked 
|  17|0x0000000703200000, 0x0000000703400000, 0x0000000703400000|100%| O|  |TAMS 0x0000000703200000, 0x0000000703400000| Untracked 
|  18|0x0000000703400000, 0x0000000703600000, 0x0000000703600000|100%| O|  |TAMS 0x0000000703400000, 0x0000000703600000| Untracked 
|  19|0x0000000703600000, 0x0000000703800000, 0x0000000703800000|100%| O|  |TAMS 0x0000000703600000, 0x0000000703800000| Untracked 
|  20|0x0000000703800000, 0x0000000703a00000, 0x0000000703a00000|100%| O|  |TAMS 0x0000000703800000, 0x0000000703a00000| Untracked 
|  21|0x0000000703a00000, 0x0000000703c00000, 0x0000000703c00000|100%| O|  |TAMS 0x0000000703a00000, 0x0000000703c00000| Untracked 
|  22|0x0000000703c00000, 0x0000000703e00000, 0x0000000703e00000|100%| O|  |TAMS 0x0000000703c00000, 0x0000000703e00000| Untracked 
|  23|0x0000000703e00000, 0x0000000704000000, 0x0000000704000000|100%| O|  |TAMS 0x0000000703e00000, 0x0000000704000000| Untracked 
|  24|0x0000000704000000, 0x0000000704200000, 0x0000000704200000|100%| O|  |TAMS 0x0000000704000000, 0x0000000704200000| Untracked 
|  25|0x0000000704200000, 0x0000000704400000, 0x0000000704400000|100%| O|  |TAMS 0x0000000704200000, 0x0000000704400000| Untracked 
|  26|0x0000000704400000, 0x0000000704600000, 0x0000000704600000|100%| O|  |TAMS 0x0000000704400000, 0x0000000704600000| Untracked 
|  27|0x0000000704600000, 0x0000000704800000, 0x0000000704800000|100%| O|  |TAMS 0x0000000704600000, 0x0000000704800000| Untracked 
|  28|0x0000000704800000, 0x0000000704a00000, 0x0000000704a00000|100%| O|  |TAMS 0x0000000704800000, 0x0000000704a00000| Untracked 
|  29|0x0000000704a00000, 0x0000000704c00000, 0x0000000704c00000|100%| O|  |TAMS 0x0000000704a00000, 0x0000000704c00000| Untracked 
|  30|0x0000000704c00000, 0x0000000704e00000, 0x0000000704e00000|100%| O|  |TAMS 0x0000000704c00000, 0x0000000704e00000| Untracked 
|  31|0x0000000704e00000, 0x0000000705000000, 0x0000000705000000|100%| O|  |TAMS 0x0000000704e00000, 0x0000000705000000| Untracked 
|  32|0x0000000705000000, 0x0000000705200000, 0x0000000705200000|100%| O|  |TAMS 0x0000000705000000, 0x0000000705200000| Untracked 
|  33|0x0000000705200000, 0x0000000705400000, 0x0000000705400000|100%| O|  |TAMS 0x0000000705200000, 0x0000000705400000| Untracked 
|  34|0x0000000705400000, 0x0000000705600000, 0x0000000705600000|100%| O|  |TAMS 0x0000000705400000, 0x0000000705600000| Untracked 
|  35|0x0000000705600000, 0x0000000705800000, 0x0000000705800000|100%| O|  |TAMS 0x0000000705600000, 0x0000000705800000| Untracked 
|  36|0x0000000705800000, 0x0000000705a00000, 0x0000000705a00000|100%| O|  |TAMS 0x0000000705800000, 0x0000000705a00000| Untracked 
|  37|0x0000000705a00000, 0x0000000705c00000, 0x0000000705c00000|100%| O|  |TAMS 0x0000000705a00000, 0x0000000705c00000| Untracked 
|  38|0x0000000705c00000, 0x0000000705e00000, 0x0000000705e00000|100%| O|  |TAMS 0x0000000705c00000, 0x0000000705e00000| Untracked 
|  39|0x0000000705e00000, 0x0000000706000000, 0x0000000706000000|100%| O|  |TAMS 0x0000000705e00000, 0x0000000706000000| Untracked 
|  40|0x0000000706000000, 0x0000000706200000, 0x0000000706200000|100%| O|  |TAMS 0x0000000706000000, 0x0000000706200000| Untracked 
|  41|0x0000000706200000, 0x0000000706400000, 0x0000000706400000|100%| O|  |TAMS 0x0000000706200000, 0x0000000706400000| Untracked 
|  42|0x0000000706400000, 0x0000000706600000, 0x0000000706600000|100%| O|  |TAMS 0x0000000706400000, 0x0000000706600000| Untracked 
|  43|0x0000000706600000, 0x0000000706800000, 0x0000000706800000|100%| O|  |TAMS 0x0000000706600000, 0x0000000706800000| Untracked 
|  44|0x0000000706800000, 0x0000000706a00000, 0x0000000706a00000|100%| O|  |TAMS 0x0000000706800000, 0x0000000706a00000| Untracked 
|  45|0x0000000706a00000, 0x0000000706c00000, 0x0000000706c00000|100%| O|  |TAMS 0x0000000706a00000, 0x0000000706c00000| Untracked 
|  46|0x0000000706c00000, 0x0000000706e00000, 0x0000000706e00000|100%| O|  |TAMS 0x0000000706c00000, 0x0000000706e00000| Untracked 
|  47|0x0000000706e00000, 0x0000000707000000, 0x0000000707000000|100%| O|  |TAMS 0x0000000706e00000, 0x0000000707000000| Untracked 
|  48|0x0000000707000000, 0x0000000707200000, 0x0000000707200000|100%| O|  |TAMS 0x0000000707000000, 0x0000000707200000| Untracked 
|  49|0x0000000707200000, 0x0000000707400000, 0x0000000707400000|100%| O|  |TAMS 0x0000000707200000, 0x0000000707343000| Untracked 
|  50|0x0000000707400000, 0x0000000707600000, 0x0000000707600000|100%| O|  |TAMS 0x0000000707400000, 0x0000000707400000| Untracked 
|  51|0x0000000707600000, 0x0000000707800000, 0x0000000707800000|100%| O|  |TAMS 0x0000000707600000, 0x0000000707600000| Untracked 
|  52|0x0000000707800000, 0x0000000707a00000, 0x0000000707a00000|100%| O|  |TAMS 0x0000000707800000, 0x0000000707800000| Untracked 
|  53|0x0000000707a00000, 0x0000000707c00000, 0x0000000707c00000|100%| O|  |TAMS 0x0000000707a00000, 0x0000000707a00000| Untracked 
|  54|0x0000000707c00000, 0x0000000707e00000, 0x0000000707e00000|100%| O|  |TAMS 0x0000000707c00000, 0x0000000707c00000| Untracked 
|  55|0x0000000707e00000, 0x0000000708000000, 0x0000000708000000|100%| O|  |TAMS 0x0000000707e00000, 0x0000000707e00000| Untracked 
|  56|0x0000000708000000, 0x0000000708200000, 0x0000000708200000|100%| O|  |TAMS 0x0000000708000000, 0x0000000708000000| Untracked 
|  57|0x0000000708200000, 0x0000000708400000, 0x0000000708400000|100%| O|  |TAMS 0x0000000708200000, 0x0000000708200000| Untracked 
|  58|0x0000000708400000, 0x0000000708600000, 0x0000000708600000|100%| O|  |TAMS 0x0000000708400000, 0x0000000708400000| Untracked 
|  59|0x0000000708600000, 0x0000000708800000, 0x0000000708800000|100%| O|  |TAMS 0x0000000708600000, 0x0000000708600000| Untracked 
|  60|0x0000000708800000, 0x000000070899f808, 0x0000000708a00000| 81%| O|  |TAMS 0x0000000708800000, 0x0000000708800000| Untracked 
|  61|0x0000000708a00000, 0x0000000708a00000, 0x0000000708c00000|  0%| F|  |TAMS 0x0000000708a00000, 0x0000000708a00000| Untracked 
|  62|0x0000000708c00000, 0x0000000708c00000, 0x0000000708e00000|  0%| F|  |TAMS 0x0000000708c00000, 0x0000000708c00000| Untracked 
|  63|0x0000000708e00000, 0x0000000708e00000, 0x0000000709000000|  0%| F|  |TAMS 0x0000000708e00000, 0x0000000708e00000| Untracked 
|  64|0x0000000709000000, 0x0000000709000000, 0x0000000709200000|  0%| F|  |TAMS 0x0000000709000000, 0x0000000709000000| Untracked 
|  65|0x0000000709200000, 0x0000000709200000, 0x0000000709400000|  0%| F|  |TAMS 0x0000000709200000, 0x0000000709200000| Untracked 
|  66|0x0000000709400000, 0x0000000709400000, 0x0000000709600000|  0%| F|  |TAMS 0x0000000709400000, 0x0000000709400000| Untracked 
|  67|0x0000000709600000, 0x0000000709600000, 0x0000000709800000|  0%| F|  |TAMS 0x0000000709600000, 0x0000000709600000| Untracked 
|  68|0x0000000709800000, 0x0000000709800000, 0x0000000709a00000|  0%| F|  |TAMS 0x0000000709800000, 0x0000000709800000| Untracked 
|  69|0x0000000709a00000, 0x0000000709a00000, 0x0000000709c00000|  0%| F|  |TAMS 0x0000000709a00000, 0x0000000709a00000| Untracked 
|  70|0x0000000709c00000, 0x0000000709c00000, 0x0000000709e00000|  0%| F|  |TAMS 0x0000000709c00000, 0x0000000709c00000| Untracked 
|  71|0x0000000709e00000, 0x0000000709e00000, 0x000000070a000000|  0%| F|  |TAMS 0x0000000709e00000, 0x0000000709e00000| Untracked 
|  72|0x000000070a000000, 0x000000070a000000, 0x000000070a200000|  0%| F|  |TAMS 0x000000070a000000, 0x000000070a000000| Untracked 
|  73|0x000000070a200000, 0x000000070a200000, 0x000000070a400000|  0%| F|  |TAMS 0x000000070a200000, 0x000000070a200000| Untracked 
|  74|0x000000070a400000, 0x000000070a400000, 0x000000070a600000|  0%| F|  |TAMS 0x000000070a400000, 0x000000070a400000| Untracked 
|  75|0x000000070a600000, 0x000000070a600000, 0x000000070a800000|  0%| F|  |TAMS 0x000000070a600000, 0x000000070a600000| Untracked 
|  76|0x000000070a800000, 0x000000070a800000, 0x000000070aa00000|  0%| F|  |TAMS 0x000000070a800000, 0x000000070a800000| Untracked 
|  77|0x000000070aa00000, 0x000000070aa00000, 0x000000070ac00000|  0%| F|  |TAMS 0x000000070aa00000, 0x000000070aa00000| Untracked 
|  78|0x000000070ac00000, 0x000000070ac00000, 0x000000070ae00000|  0%| F|  |TAMS 0x000000070ac00000, 0x000000070ac00000| Untracked 
|  79|0x000000070ae00000, 0x000000070ae00000, 0x000000070b000000|  0%| F|  |TAMS 0x000000070ae00000, 0x000000070ae00000| Untracked 
|  80|0x000000070b000000, 0x000000070b000000, 0x000000070b200000|  0%| F|  |TAMS 0x000000070b000000, 0x000000070b000000| Untracked 
|  81|0x000000070b200000, 0x000000070b200000, 0x000000070b400000|  0%| F|  |TAMS 0x000000070b200000, 0x000000070b200000| Untracked 
|  82|0x000000070b400000, 0x000000070b400000, 0x000000070b600000|  0%| F|  |TAMS 0x000000070b400000, 0x000000070b400000| Untracked 
|  83|0x000000070b600000, 0x000000070b600000, 0x000000070b800000|  0%| F|  |TAMS 0x000000070b600000, 0x000000070b600000| Untracked 
|  84|0x000000070b800000, 0x000000070b800000, 0x000000070ba00000|  0%| F|  |TAMS 0x000000070b800000, 0x000000070b800000| Untracked 
|  85|0x000000070ba00000, 0x000000070ba00000, 0x000000070bc00000|  0%| F|  |TAMS 0x000000070ba00000, 0x000000070ba00000| Untracked 
|  86|0x000000070bc00000, 0x000000070bc00000, 0x000000070be00000|  0%| F|  |TAMS 0x000000070bc00000, 0x000000070bc00000| Untracked 
|  87|0x000000070be00000, 0x000000070be00000, 0x000000070c000000|  0%| F|  |TAMS 0x000000070be00000, 0x000000070be00000| Untracked 
|  88|0x000000070c000000, 0x000000070c000000, 0x000000070c200000|  0%| F|  |TAMS 0x000000070c000000, 0x000000070c000000| Untracked 
|  89|0x000000070c200000, 0x000000070c200000, 0x000000070c400000|  0%| F|  |TAMS 0x000000070c200000, 0x000000070c200000| Untracked 
|  90|0x000000070c400000, 0x000000070c400000, 0x000000070c600000|  0%| F|  |TAMS 0x000000070c400000, 0x000000070c400000| Untracked 
|  91|0x000000070c600000, 0x000000070c600000, 0x000000070c800000|  0%| F|  |TAMS 0x000000070c600000, 0x000000070c600000| Untracked 
|  92|0x000000070c800000, 0x000000070c800000, 0x000000070ca00000|  0%| F|  |TAMS 0x000000070c800000, 0x000000070c800000| Untracked 
|  93|0x000000070ca00000, 0x000000070ca00000, 0x000000070cc00000|  0%| F|  |TAMS 0x000000070ca00000, 0x000000070ca00000| Untracked 
|  94|0x000000070cc00000, 0x000000070cc00000, 0x000000070ce00000|  0%| F|  |TAMS 0x000000070cc00000, 0x000000070cc00000| Untracked 
|  95|0x000000070ce00000, 0x000000070ce00000, 0x000000070d000000|  0%| F|  |TAMS 0x000000070ce00000, 0x000000070ce00000| Untracked 
|  96|0x000000070d000000, 0x000000070d000000, 0x000000070d200000|  0%| F|  |TAMS 0x000000070d000000, 0x000000070d000000| Untracked 
|  97|0x000000070d200000, 0x000000070d200000, 0x000000070d400000|  0%| F|  |TAMS 0x000000070d200000, 0x000000070d200000| Untracked 
|  98|0x000000070d400000, 0x000000070d400000, 0x000000070d600000|  0%| F|  |TAMS 0x000000070d400000, 0x000000070d400000| Untracked 
|  99|0x000000070d600000, 0x000000070d600000, 0x000000070d800000|  0%| F|  |TAMS 0x000000070d600000, 0x000000070d600000| Untracked 
| 100|0x000000070d800000, 0x000000070d800000, 0x000000070da00000|  0%| F|  |TAMS 0x000000070d800000, 0x000000070d800000| Untracked 
| 101|0x000000070da00000, 0x000000070da00000, 0x000000070dc00000|  0%| F|  |TAMS 0x000000070da00000, 0x000000070da00000| Untracked 
| 102|0x000000070dc00000, 0x000000070dc00000, 0x000000070de00000|  0%| F|  |TAMS 0x000000070dc00000, 0x000000070dc00000| Untracked 
| 103|0x000000070de00000, 0x000000070de00000, 0x000000070e000000|  0%| F|  |TAMS 0x000000070de00000, 0x000000070de00000| Untracked 
| 104|0x000000070e000000, 0x000000070e000000, 0x000000070e200000|  0%| F|  |TAMS 0x000000070e000000, 0x000000070e000000| Untracked 
| 105|0x000000070e200000, 0x000000070e200000, 0x000000070e400000|  0%| F|  |TAMS 0x000000070e200000, 0x000000070e200000| Untracked 
| 106|0x000000070e400000, 0x000000070e400000, 0x000000070e600000|  0%| F|  |TAMS 0x000000070e400000, 0x000000070e400000| Untracked 
| 107|0x000000070e600000, 0x000000070e600000, 0x000000070e800000|  0%| F|  |TAMS 0x000000070e600000, 0x000000070e600000| Untracked 
| 108|0x000000070e800000, 0x000000070e800000, 0x000000070ea00000|  0%| F|  |TAMS 0x000000070e800000, 0x000000070e800000| Untracked 
| 109|0x000000070ea00000, 0x000000070ea00000, 0x000000070ec00000|  0%| F|  |TAMS 0x000000070ea00000, 0x000000070ea00000| Untracked 
| 110|0x000000070ec00000, 0x000000070ec00000, 0x000000070ee00000|  0%| F|  |TAMS 0x000000070ec00000, 0x000000070ec00000| Untracked 
| 111|0x000000070ee00000, 0x000000070ee00000, 0x000000070f000000|  0%| F|  |TAMS 0x000000070ee00000, 0x000000070ee00000| Untracked 
| 112|0x000000070f000000, 0x000000070f000000, 0x000000070f200000|  0%| F|  |TAMS 0x000000070f000000, 0x000000070f000000| Untracked 
| 113|0x000000070f200000, 0x000000070f200000, 0x000000070f400000|  0%| F|  |TAMS 0x000000070f200000, 0x000000070f200000| Untracked 
| 114|0x000000070f400000, 0x000000070f400000, 0x000000070f600000|  0%| F|  |TAMS 0x000000070f400000, 0x000000070f400000| Untracked 
| 115|0x000000070f600000, 0x000000070f600000, 0x000000070f800000|  0%| F|  |TAMS 0x000000070f600000, 0x000000070f600000| Untracked 
| 116|0x000000070f800000, 0x000000070f800000, 0x000000070fa00000|  0%| F|  |TAMS 0x000000070f800000, 0x000000070f800000| Untracked 
| 117|0x000000070fa00000, 0x000000070fa00000, 0x000000070fc00000|  0%| F|  |TAMS 0x000000070fa00000, 0x000000070fa00000| Untracked 
| 118|0x000000070fc00000, 0x000000070fc00000, 0x000000070fe00000|  0%| F|  |TAMS 0x000000070fc00000, 0x000000070fc00000| Untracked 
| 119|0x000000070fe00000, 0x000000070fe00000, 0x0000000710000000|  0%| F|  |TAMS 0x000000070fe00000, 0x000000070fe00000| Untracked 
| 120|0x0000000710000000, 0x0000000710000000, 0x0000000710200000|  0%| F|  |TAMS 0x0000000710000000, 0x0000000710000000| Untracked 
| 121|0x0000000710200000, 0x0000000710200000, 0x0000000710400000|  0%| F|  |TAMS 0x0000000710200000, 0x0000000710200000| Untracked 
| 122|0x0000000710400000, 0x0000000710400000, 0x0000000710600000|  0%| F|  |TAMS 0x0000000710400000, 0x0000000710400000| Untracked 
| 123|0x0000000710600000, 0x0000000710600000, 0x0000000710800000|  0%| F|  |TAMS 0x0000000710600000, 0x0000000710600000| Untracked 
| 124|0x0000000710800000, 0x0000000710800000, 0x0000000710a00000|  0%| F|  |TAMS 0x0000000710800000, 0x0000000710800000| Untracked 
| 125|0x0000000710a00000, 0x0000000710a00000, 0x0000000710c00000|  0%| F|  |TAMS 0x0000000710a00000, 0x0000000710a00000| Untracked 
| 126|0x0000000710c00000, 0x0000000710c00000, 0x0000000710e00000|  0%| F|  |TAMS 0x0000000710c00000, 0x0000000710c00000| Untracked 
| 127|0x0000000710e00000, 0x0000000710e00000, 0x0000000711000000|  0%| F|  |TAMS 0x0000000710e00000, 0x0000000710e00000| Untracked 
| 128|0x0000000711000000, 0x0000000711000000, 0x0000000711200000|  0%| F|  |TAMS 0x0000000711000000, 0x0000000711000000| Untracked 
| 129|0x0000000711200000, 0x0000000711200000, 0x0000000711400000|  0%| F|  |TAMS 0x0000000711200000, 0x0000000711200000| Untracked 
| 130|0x0000000711400000, 0x0000000711400000, 0x0000000711600000|  0%| F|  |TAMS 0x0000000711400000, 0x0000000711400000| Untracked 
| 131|0x0000000711600000, 0x0000000711600000, 0x0000000711800000|  0%| F|  |TAMS 0x0000000711600000, 0x0000000711600000| Untracked 
| 132|0x0000000711800000, 0x0000000711800000, 0x0000000711a00000|  0%| F|  |TAMS 0x0000000711800000, 0x0000000711800000| Untracked 
| 133|0x0000000711a00000, 0x0000000711a00000, 0x0000000711c00000|  0%| F|  |TAMS 0x0000000711a00000, 0x0000000711a00000| Untracked 
| 134|0x0000000711c00000, 0x0000000711c00000, 0x0000000711e00000|  0%| F|  |TAMS 0x0000000711c00000, 0x0000000711c00000| Untracked 
| 135|0x0000000711e00000, 0x0000000711e00000, 0x0000000712000000|  0%| F|  |TAMS 0x0000000711e00000, 0x0000000711e00000| Untracked 
| 136|0x0000000712000000, 0x0000000712000000, 0x0000000712200000|  0%| F|  |TAMS 0x0000000712000000, 0x0000000712000000| Untracked 
| 137|0x0000000712200000, 0x0000000712200000, 0x0000000712400000|  0%| F|  |TAMS 0x0000000712200000, 0x0000000712200000| Untracked 
| 138|0x0000000712400000, 0x0000000712400000, 0x0000000712600000|  0%| F|  |TAMS 0x0000000712400000, 0x0000000712400000| Untracked 
| 139|0x0000000712600000, 0x0000000712600000, 0x0000000712800000|  0%| F|  |TAMS 0x0000000712600000, 0x0000000712600000| Untracked 
| 140|0x0000000712800000, 0x0000000712800000, 0x0000000712a00000|  0%| F|  |TAMS 0x0000000712800000, 0x0000000712800000| Untracked 
| 141|0x0000000712a00000, 0x0000000712a00000, 0x0000000712c00000|  0%| F|  |TAMS 0x0000000712a00000, 0x0000000712a00000| Untracked 
| 142|0x0000000712c00000, 0x0000000712c00000, 0x0000000712e00000|  0%| F|  |TAMS 0x0000000712c00000, 0x0000000712c00000| Untracked 
| 143|0x0000000712e00000, 0x0000000712e00000, 0x0000000713000000|  0%| F|  |TAMS 0x0000000712e00000, 0x0000000712e00000| Untracked 
| 144|0x0000000713000000, 0x0000000713000000, 0x0000000713200000|  0%| F|  |TAMS 0x0000000713000000, 0x0000000713000000| Untracked 
| 145|0x0000000713200000, 0x0000000713200000, 0x0000000713400000|  0%| F|  |TAMS 0x0000000713200000, 0x0000000713200000| Untracked 
| 146|0x0000000713400000, 0x0000000713400000, 0x0000000713600000|  0%| F|  |TAMS 0x0000000713400000, 0x0000000713400000| Untracked 
| 147|0x0000000713600000, 0x0000000713600000, 0x0000000713800000|  0%| F|  |TAMS 0x0000000713600000, 0x0000000713600000| Untracked 
| 148|0x0000000713800000, 0x0000000713800000, 0x0000000713a00000|  0%| F|  |TAMS 0x0000000713800000, 0x0000000713800000| Untracked 
| 149|0x0000000713a00000, 0x0000000713a00000, 0x0000000713c00000|  0%| F|  |TAMS 0x0000000713a00000, 0x0000000713a00000| Untracked 
| 150|0x0000000713c00000, 0x0000000713c00000, 0x0000000713e00000|  0%| F|  |TAMS 0x0000000713c00000, 0x0000000713c00000| Untracked 
| 151|0x0000000713e00000, 0x0000000713e00000, 0x0000000714000000|  0%| F|  |TAMS 0x0000000713e00000, 0x0000000713e00000| Untracked 
| 152|0x0000000714000000, 0x0000000714000000, 0x0000000714200000|  0%| F|  |TAMS 0x0000000714000000, 0x0000000714000000| Untracked 
| 153|0x0000000714200000, 0x0000000714200000, 0x0000000714400000|  0%| F|  |TAMS 0x0000000714200000, 0x0000000714200000| Untracked 
| 154|0x0000000714400000, 0x0000000714400000, 0x0000000714600000|  0%| F|  |TAMS 0x0000000714400000, 0x0000000714400000| Untracked 
| 155|0x0000000714600000, 0x0000000714600000, 0x0000000714800000|  0%| F|  |TAMS 0x0000000714600000, 0x0000000714600000| Untracked 
| 156|0x0000000714800000, 0x0000000714800000, 0x0000000714a00000|  0%| F|  |TAMS 0x0000000714800000, 0x0000000714800000| Untracked 
| 157|0x0000000714a00000, 0x0000000714a00000, 0x0000000714c00000|  0%| F|  |TAMS 0x0000000714a00000, 0x0000000714a00000| Untracked 
| 158|0x0000000714c00000, 0x0000000714c00000, 0x0000000714e00000|  0%| F|  |TAMS 0x0000000714c00000, 0x0000000714c00000| Untracked 
| 159|0x0000000714e00000, 0x0000000714e00000, 0x0000000715000000|  0%| F|  |TAMS 0x0000000714e00000, 0x0000000714e00000| Untracked 
| 160|0x0000000715000000, 0x0000000715000000, 0x0000000715200000|  0%| F|  |TAMS 0x0000000715000000, 0x0000000715000000| Untracked 
| 161|0x0000000715200000, 0x0000000715200000, 0x0000000715400000|  0%| F|  |TAMS 0x0000000715200000, 0x0000000715200000| Untracked 
| 162|0x0000000715400000, 0x0000000715400000, 0x0000000715600000|  0%| F|  |TAMS 0x0000000715400000, 0x0000000715400000| Untracked 
| 163|0x0000000715600000, 0x0000000715600000, 0x0000000715800000|  0%| F|  |TAMS 0x0000000715600000, 0x0000000715600000| Untracked 
| 164|0x0000000715800000, 0x0000000715800000, 0x0000000715a00000|  0%| F|  |TAMS 0x0000000715800000, 0x0000000715800000| Untracked 
| 165|0x0000000715a00000, 0x0000000715a00000, 0x0000000715c00000|  0%| F|  |TAMS 0x0000000715a00000, 0x0000000715a00000| Untracked 
| 166|0x0000000715c00000, 0x0000000715c00000, 0x0000000715e00000|  0%| F|  |TAMS 0x0000000715c00000, 0x0000000715c00000| Untracked 
| 167|0x0000000715e00000, 0x0000000715e00000, 0x0000000716000000|  0%| F|  |TAMS 0x0000000715e00000, 0x0000000715e00000| Untracked 
| 168|0x0000000716000000, 0x0000000716000000, 0x0000000716200000|  0%| F|  |TAMS 0x0000000716000000, 0x0000000716000000| Untracked 
| 169|0x0000000716200000, 0x0000000716200000, 0x0000000716400000|  0%| F|  |TAMS 0x0000000716200000, 0x0000000716200000| Untracked 
| 170|0x0000000716400000, 0x0000000716400000, 0x0000000716600000|  0%| F|  |TAMS 0x0000000716400000, 0x0000000716400000| Untracked 
| 171|0x0000000716600000, 0x0000000716600000, 0x0000000716800000|  0%| F|  |TAMS 0x0000000716600000, 0x0000000716600000| Untracked 
| 172|0x0000000716800000, 0x0000000716800000, 0x0000000716a00000|  0%| F|  |TAMS 0x0000000716800000, 0x0000000716800000| Untracked 
| 173|0x0000000716a00000, 0x0000000716a00000, 0x0000000716c00000|  0%| F|  |TAMS 0x0000000716a00000, 0x0000000716a00000| Untracked 
| 174|0x0000000716c00000, 0x0000000716c00000, 0x0000000716e00000|  0%| F|  |TAMS 0x0000000716c00000, 0x0000000716c00000| Untracked 
| 175|0x0000000716e00000, 0x0000000716e00000, 0x0000000717000000|  0%| F|  |TAMS 0x0000000716e00000, 0x0000000716e00000| Untracked 
| 176|0x0000000717000000, 0x0000000717000000, 0x0000000717200000|  0%| F|  |TAMS 0x0000000717000000, 0x0000000717000000| Untracked 
| 177|0x0000000717200000, 0x0000000717200000, 0x0000000717400000|  0%| F|  |TAMS 0x0000000717200000, 0x0000000717200000| Untracked 
| 178|0x0000000717400000, 0x0000000717400000, 0x0000000717600000|  0%| F|  |TAMS 0x0000000717400000, 0x0000000717400000| Untracked 
| 179|0x0000000717600000, 0x0000000717600000, 0x0000000717800000|  0%| F|  |TAMS 0x0000000717600000, 0x0000000717600000| Untracked 
| 180|0x0000000717800000, 0x0000000717800000, 0x0000000717a00000|  0%| F|  |TAMS 0x0000000717800000, 0x0000000717800000| Untracked 
| 181|0x0000000717a00000, 0x0000000717a00000, 0x0000000717c00000|  0%| F|  |TAMS 0x0000000717a00000, 0x0000000717a00000| Untracked 
| 182|0x0000000717c00000, 0x0000000717c00000, 0x0000000717e00000|  0%| F|  |TAMS 0x0000000717c00000, 0x0000000717c00000| Untracked 
| 183|0x0000000717e00000, 0x0000000717e00000, 0x0000000718000000|  0%| F|  |TAMS 0x0000000717e00000, 0x0000000717e00000| Untracked 
| 184|0x0000000718000000, 0x0000000718000000, 0x0000000718200000|  0%| F|  |TAMS 0x0000000718000000, 0x0000000718000000| Untracked 
| 185|0x0000000718200000, 0x0000000718200000, 0x0000000718400000|  0%| F|  |TAMS 0x0000000718200000, 0x0000000718200000| Untracked 
| 186|0x0000000718400000, 0x0000000718400000, 0x0000000718600000|  0%| F|  |TAMS 0x0000000718400000, 0x0000000718400000| Untracked 
| 187|0x0000000718600000, 0x0000000718600000, 0x0000000718800000|  0%| F|  |TAMS 0x0000000718600000, 0x0000000718600000| Untracked 
| 188|0x0000000718800000, 0x0000000718800000, 0x0000000718a00000|  0%| F|  |TAMS 0x0000000718800000, 0x0000000718800000| Untracked 
| 189|0x0000000718a00000, 0x0000000718a00000, 0x0000000718c00000|  0%| F|  |TAMS 0x0000000718a00000, 0x0000000718a00000| Untracked 
| 190|0x0000000718c00000, 0x0000000718c00000, 0x0000000718e00000|  0%| F|  |TAMS 0x0000000718c00000, 0x0000000718c00000| Untracked 
| 191|0x0000000718e00000, 0x0000000718e00000, 0x0000000719000000|  0%| F|  |TAMS 0x0000000718e00000, 0x0000000718e00000| Untracked 
| 192|0x0000000719000000, 0x0000000719000000, 0x0000000719200000|  0%| F|  |TAMS 0x0000000719000000, 0x0000000719000000| Untracked 
| 193|0x0000000719200000, 0x0000000719200000, 0x0000000719400000|  0%| F|  |TAMS 0x0000000719200000, 0x0000000719200000| Untracked 
| 194|0x0000000719400000, 0x0000000719400000, 0x0000000719600000|  0%| F|  |TAMS 0x0000000719400000, 0x0000000719400000| Untracked 
| 195|0x0000000719600000, 0x0000000719600000, 0x0000000719800000|  0%| F|  |TAMS 0x0000000719600000, 0x0000000719600000| Untracked 
| 196|0x0000000719800000, 0x0000000719800000, 0x0000000719a00000|  0%| F|  |TAMS 0x0000000719800000, 0x0000000719800000| Untracked 
| 197|0x0000000719a00000, 0x0000000719a00000, 0x0000000719c00000|  0%| F|  |TAMS 0x0000000719a00000, 0x0000000719a00000| Untracked 
| 198|0x0000000719c00000, 0x0000000719c00000, 0x0000000719e00000|  0%| F|  |TAMS 0x0000000719c00000, 0x0000000719c00000| Untracked 
| 199|0x0000000719e00000, 0x0000000719e00000, 0x000000071a000000|  0%| F|  |TAMS 0x0000000719e00000, 0x0000000719e00000| Untracked 
| 200|0x000000071a000000, 0x000000071a000000, 0x000000071a200000|  0%| F|  |TAMS 0x000000071a000000, 0x000000071a000000| Untracked 
| 201|0x000000071a200000, 0x000000071a200000, 0x000000071a400000|  0%| F|  |TAMS 0x000000071a200000, 0x000000071a200000| Untracked 
| 202|0x000000071a400000, 0x000000071a400000, 0x000000071a600000|  0%| F|  |TAMS 0x000000071a400000, 0x000000071a400000| Untracked 
| 203|0x000000071a600000, 0x000000071a600000, 0x000000071a800000|  0%| F|  |TAMS 0x000000071a600000, 0x000000071a600000| Untracked 
| 204|0x000000071a800000, 0x000000071a800000, 0x000000071aa00000|  0%| F|  |TAMS 0x000000071a800000, 0x000000071a800000| Untracked 
| 205|0x000000071aa00000, 0x000000071aa00000, 0x000000071ac00000|  0%| F|  |TAMS 0x000000071aa00000, 0x000000071aa00000| Untracked 
| 206|0x000000071ac00000, 0x000000071ac00000, 0x000000071ae00000|  0%| F|  |TAMS 0x000000071ac00000, 0x000000071ac00000| Untracked 
| 207|0x000000071ae00000, 0x000000071ae00000, 0x000000071b000000|  0%| F|  |TAMS 0x000000071ae00000, 0x000000071ae00000| Untracked 
| 208|0x000000071b000000, 0x000000071b000000, 0x000000071b200000|  0%| F|  |TAMS 0x000000071b000000, 0x000000071b000000| Untracked 
| 209|0x000000071b200000, 0x000000071b200000, 0x000000071b400000|  0%| F|  |TAMS 0x000000071b200000, 0x000000071b200000| Untracked 
| 210|0x000000071b400000, 0x000000071b400000, 0x000000071b600000|  0%| F|  |TAMS 0x000000071b400000, 0x000000071b400000| Untracked 
| 211|0x000000071b600000, 0x000000071b600000, 0x000000071b800000|  0%| F|  |TAMS 0x000000071b600000, 0x000000071b600000| Untracked 
| 212|0x000000071b800000, 0x000000071b800000, 0x000000071ba00000|  0%| F|  |TAMS 0x000000071b800000, 0x000000071b800000| Untracked 
| 213|0x000000071ba00000, 0x000000071ba00000, 0x000000071bc00000|  0%| F|  |TAMS 0x000000071ba00000, 0x000000071ba00000| Untracked 
| 214|0x000000071bc00000, 0x000000071bc00000, 0x000000071be00000|  0%| F|  |TAMS 0x000000071bc00000, 0x000000071bc00000| Untracked 
| 215|0x000000071be00000, 0x000000071bf8c890, 0x000000071c000000| 77%| S|CS|TAMS 0x000000071be00000, 0x000000071be00000| Complete 
| 216|0x000000071c000000, 0x000000071c200000, 0x000000071c200000|100%| S|CS|TAMS 0x000000071c000000, 0x000000071c000000| Complete 
| 217|0x000000071c200000, 0x000000071c400000, 0x000000071c400000|100%| S|CS|TAMS 0x000000071c200000, 0x000000071c200000| Complete 
| 218|0x000000071c400000, 0x000000071c600000, 0x000000071c600000|100%| S|CS|TAMS 0x000000071c400000, 0x000000071c400000| Complete 
| 219|0x000000071c600000, 0x000000071c800000, 0x000000071c800000|100%| S|CS|TAMS 0x000000071c600000, 0x000000071c600000| Complete 
| 220|0x000000071c800000, 0x000000071ca00000, 0x000000071ca00000|100%| S|CS|TAMS 0x000000071c800000, 0x000000071c800000| Complete 
| 221|0x000000071ca00000, 0x000000071cc00000, 0x000000071cc00000|100%| S|CS|TAMS 0x000000071ca00000, 0x000000071ca00000| Complete 
| 222|0x000000071cc00000, 0x000000071ce00000, 0x000000071ce00000|100%| S|CS|TAMS 0x000000071cc00000, 0x000000071cc00000| Complete 
| 223|0x000000071ce00000, 0x000000071d000000, 0x000000071d000000|100%| S|CS|TAMS 0x000000071ce00000, 0x000000071ce00000| Complete 
| 224|0x000000071d000000, 0x000000071d200000, 0x000000071d200000|100%| S|CS|TAMS 0x000000071d000000, 0x000000071d000000| Complete 
| 225|0x000000071d200000, 0x000000071d400000, 0x000000071d400000|100%| S|CS|TAMS 0x000000071d200000, 0x000000071d200000| Complete 
| 226|0x000000071d400000, 0x000000071d600000, 0x000000071d600000|100%| S|CS|TAMS 0x000000071d400000, 0x000000071d400000| Complete 
| 227|0x000000071d600000, 0x000000071d800000, 0x000000071d800000|100%| S|CS|TAMS 0x000000071d600000, 0x000000071d600000| Complete 
| 228|0x000000071d800000, 0x000000071da00000, 0x000000071da00000|100%| S|CS|TAMS 0x000000071d800000, 0x000000071d800000| Complete 
| 229|0x000000071da00000, 0x000000071dc00000, 0x000000071dc00000|100%| S|CS|TAMS 0x000000071da00000, 0x000000071da00000| Complete 
| 230|0x000000071dc00000, 0x000000071de00000, 0x000000071de00000|100%| S|CS|TAMS 0x000000071dc00000, 0x000000071dc00000| Complete 
| 231|0x000000071de00000, 0x000000071e000000, 0x000000071e000000|100%| S|CS|TAMS 0x000000071de00000, 0x000000071de00000| Complete 
| 232|0x000000071e000000, 0x000000071e000000, 0x000000071e200000|  0%| F|  |TAMS 0x000000071e000000, 0x000000071e000000| Untracked 
| 233|0x000000071e200000, 0x000000071e200000, 0x000000071e400000|  0%| F|  |TAMS 0x000000071e200000, 0x000000071e200000| Untracked 
| 234|0x000000071e400000, 0x000000071e400000, 0x000000071e600000|  0%| F|  |TAMS 0x000000071e400000, 0x000000071e400000| Untracked 
| 235|0x000000071e600000, 0x000000071e600000, 0x000000071e800000|  0%| F|  |TAMS 0x000000071e600000, 0x000000071e600000| Untracked 
| 236|0x000000071e800000, 0x000000071e800000, 0x000000071ea00000|  0%| F|  |TAMS 0x000000071e800000, 0x000000071e800000| Untracked 
| 237|0x000000071ea00000, 0x000000071ea00000, 0x000000071ec00000|  0%| F|  |TAMS 0x000000071ea00000, 0x000000071ea00000| Untracked 
| 238|0x000000071ec00000, 0x000000071ec00000, 0x000000071ee00000|  0%| F|  |TAMS 0x000000071ec00000, 0x000000071ec00000| Untracked 
| 239|0x000000071ee00000, 0x000000071ee00000, 0x000000071f000000|  0%| F|  |TAMS 0x000000071ee00000, 0x000000071ee00000| Untracked 
| 240|0x000000071f000000, 0x000000071f000000, 0x000000071f200000|  0%| F|  |TAMS 0x000000071f000000, 0x000000071f000000| Untracked 
| 241|0x000000071f200000, 0x000000071f200000, 0x000000071f400000|  0%| F|  |TAMS 0x000000071f200000, 0x000000071f200000| Untracked 
| 242|0x000000071f400000, 0x000000071f400000, 0x000000071f600000|  0%| F|  |TAMS 0x000000071f400000, 0x000000071f400000| Untracked 
| 243|0x000000071f600000, 0x000000071f600000, 0x000000071f800000|  0%| F|  |TAMS 0x000000071f600000, 0x000000071f600000| Untracked 
| 244|0x000000071f800000, 0x000000071f800000, 0x000000071fa00000|  0%| F|  |TAMS 0x000000071f800000, 0x000000071f800000| Untracked 
| 245|0x000000071fa00000, 0x000000071fa00000, 0x000000071fc00000|  0%| F|  |TAMS 0x000000071fa00000, 0x000000071fa00000| Untracked 
| 246|0x000000071fc00000, 0x000000071fc00000, 0x000000071fe00000|  0%| F|  |TAMS 0x000000071fc00000, 0x000000071fc00000| Untracked 
| 247|0x000000071fe00000, 0x000000071fe00000, 0x0000000720000000|  0%| F|  |TAMS 0x000000071fe00000, 0x000000071fe00000| Untracked 
| 248|0x0000000720000000, 0x0000000720000000, 0x0000000720200000|  0%| F|  |TAMS 0x0000000720000000, 0x0000000720000000| Untracked 
| 249|0x0000000720200000, 0x0000000720200000, 0x0000000720400000|  0%| F|  |TAMS 0x0000000720200000, 0x0000000720200000| Untracked 
| 250|0x0000000720400000, 0x0000000720400000, 0x0000000720600000|  0%| F|  |TAMS 0x0000000720400000, 0x0000000720400000| Untracked 
| 251|0x0000000720600000, 0x0000000720600000, 0x0000000720800000|  0%| F|  |TAMS 0x0000000720600000, 0x0000000720600000| Untracked 
| 252|0x0000000720800000, 0x0000000720800000, 0x0000000720a00000|  0%| F|  |TAMS 0x0000000720800000, 0x0000000720800000| Untracked 
| 253|0x0000000720a00000, 0x0000000720a00000, 0x0000000720c00000|  0%| F|  |TAMS 0x0000000720a00000, 0x0000000720a00000| Untracked 
| 254|0x0000000720c00000, 0x0000000720c00000, 0x0000000720e00000|  0%| F|  |TAMS 0x0000000720c00000, 0x0000000720c00000| Untracked 
| 255|0x0000000720e00000, 0x0000000720e00000, 0x0000000721000000|  0%| F|  |TAMS 0x0000000720e00000, 0x0000000720e00000| Untracked 
| 256|0x0000000721000000, 0x0000000721000000, 0x0000000721200000|  0%| F|  |TAMS 0x0000000721000000, 0x0000000721000000| Untracked 
| 257|0x0000000721200000, 0x0000000721200000, 0x0000000721400000|  0%| F|  |TAMS 0x0000000721200000, 0x0000000721200000| Untracked 
| 258|0x0000000721400000, 0x0000000721400000, 0x0000000721600000|  0%| F|  |TAMS 0x0000000721400000, 0x0000000721400000| Untracked 
| 259|0x0000000721600000, 0x0000000721600000, 0x0000000721800000|  0%| F|  |TAMS 0x0000000721600000, 0x0000000721600000| Untracked 
| 260|0x0000000721800000, 0x0000000721800000, 0x0000000721a00000|  0%| F|  |TAMS 0x0000000721800000, 0x0000000721800000| Untracked 
| 261|0x0000000721a00000, 0x0000000721a00000, 0x0000000721c00000|  0%| F|  |TAMS 0x0000000721a00000, 0x0000000721a00000| Untracked 
| 262|0x0000000721c00000, 0x0000000721c00000, 0x0000000721e00000|  0%| F|  |TAMS 0x0000000721c00000, 0x0000000721c00000| Untracked 
| 263|0x0000000721e00000, 0x0000000721e00000, 0x0000000722000000|  0%| F|  |TAMS 0x0000000721e00000, 0x0000000721e00000| Untracked 
| 264|0x0000000722000000, 0x0000000722000000, 0x0000000722200000|  0%| F|  |TAMS 0x0000000722000000, 0x0000000722000000| Untracked 
| 265|0x0000000722200000, 0x0000000722200000, 0x0000000722400000|  0%| F|  |TAMS 0x0000000722200000, 0x0000000722200000| Untracked 
| 266|0x0000000722400000, 0x0000000722400000, 0x0000000722600000|  0%| F|  |TAMS 0x0000000722400000, 0x0000000722400000| Untracked 
| 267|0x0000000722600000, 0x0000000722600000, 0x0000000722800000|  0%| F|  |TAMS 0x0000000722600000, 0x0000000722600000| Untracked 
| 268|0x0000000722800000, 0x0000000722800000, 0x0000000722a00000|  0%| F|  |TAMS 0x0000000722800000, 0x0000000722800000| Untracked 
| 269|0x0000000722a00000, 0x0000000722a00000, 0x0000000722c00000|  0%| F|  |TAMS 0x0000000722a00000, 0x0000000722a00000| Untracked 
| 270|0x0000000722c00000, 0x0000000722c00000, 0x0000000722e00000|  0%| F|  |TAMS 0x0000000722c00000, 0x0000000722c00000| Untracked 
| 271|0x0000000722e00000, 0x0000000722e00000, 0x0000000723000000|  0%| F|  |TAMS 0x0000000722e00000, 0x0000000722e00000| Untracked 
| 272|0x0000000723000000, 0x0000000723000000, 0x0000000723200000|  0%| F|  |TAMS 0x0000000723000000, 0x0000000723000000| Untracked 
| 273|0x0000000723200000, 0x0000000723200000, 0x0000000723400000|  0%| F|  |TAMS 0x0000000723200000, 0x0000000723200000| Untracked 
| 274|0x0000000723400000, 0x0000000723400000, 0x0000000723600000|  0%| F|  |TAMS 0x0000000723400000, 0x0000000723400000| Untracked 
| 275|0x0000000723600000, 0x0000000723600000, 0x0000000723800000|  0%| F|  |TAMS 0x0000000723600000, 0x0000000723600000| Untracked 
| 276|0x0000000723800000, 0x0000000723800000, 0x0000000723a00000|  0%| F|  |TAMS 0x0000000723800000, 0x0000000723800000| Untracked 
| 277|0x0000000723a00000, 0x0000000723a00000, 0x0000000723c00000|  0%| F|  |TAMS 0x0000000723a00000, 0x0000000723a00000| Untracked 
| 278|0x0000000723c00000, 0x0000000723c00000, 0x0000000723e00000|  0%| F|  |TAMS 0x0000000723c00000, 0x0000000723c00000| Untracked 
| 279|0x0000000723e00000, 0x0000000723e00000, 0x0000000724000000|  0%| F|  |TAMS 0x0000000723e00000, 0x0000000723e00000| Untracked 
| 280|0x0000000724000000, 0x0000000724000000, 0x0000000724200000|  0%| F|  |TAMS 0x0000000724000000, 0x0000000724000000| Untracked 
| 281|0x0000000724200000, 0x0000000724200000, 0x0000000724400000|  0%| F|  |TAMS 0x0000000724200000, 0x0000000724200000| Untracked 
| 282|0x0000000724400000, 0x0000000724400000, 0x0000000724600000|  0%| F|  |TAMS 0x0000000724400000, 0x0000000724400000| Untracked 
| 283|0x0000000724600000, 0x0000000724600000, 0x0000000724800000|  0%| F|  |TAMS 0x0000000724600000, 0x0000000724600000| Untracked 
| 284|0x0000000724800000, 0x0000000724800000, 0x0000000724a00000|  0%| F|  |TAMS 0x0000000724800000, 0x0000000724800000| Untracked 
| 285|0x0000000724a00000, 0x0000000724a00000, 0x0000000724c00000|  0%| F|  |TAMS 0x0000000724a00000, 0x0000000724a00000| Untracked 
| 286|0x0000000724c00000, 0x0000000724c00000, 0x0000000724e00000|  0%| F|  |TAMS 0x0000000724c00000, 0x0000000724c00000| Untracked 
| 287|0x0000000724e00000, 0x0000000724e00000, 0x0000000725000000|  0%| F|  |TAMS 0x0000000724e00000, 0x0000000724e00000| Untracked 
| 288|0x0000000725000000, 0x0000000725000000, 0x0000000725200000|  0%| F|  |TAMS 0x0000000725000000, 0x0000000725000000| Untracked 
| 289|0x0000000725200000, 0x0000000725200000, 0x0000000725400000|  0%| F|  |TAMS 0x0000000725200000, 0x0000000725200000| Untracked 
| 290|0x0000000725400000, 0x0000000725400000, 0x0000000725600000|  0%| F|  |TAMS 0x0000000725400000, 0x0000000725400000| Untracked 
| 291|0x0000000725600000, 0x0000000725600000, 0x0000000725800000|  0%| F|  |TAMS 0x0000000725600000, 0x0000000725600000| Untracked 
| 292|0x0000000725800000, 0x0000000725800000, 0x0000000725a00000|  0%| F|  |TAMS 0x0000000725800000, 0x0000000725800000| Untracked 
| 293|0x0000000725a00000, 0x0000000725a00000, 0x0000000725c00000|  0%| F|  |TAMS 0x0000000725a00000, 0x0000000725a00000| Untracked 
| 294|0x0000000725c00000, 0x0000000725c00000, 0x0000000725e00000|  0%| F|  |TAMS 0x0000000725c00000, 0x0000000725c00000| Untracked 
| 295|0x0000000725e00000, 0x0000000725e00000, 0x0000000726000000|  0%| F|  |TAMS 0x0000000725e00000, 0x0000000725e00000| Untracked 
| 296|0x0000000726000000, 0x0000000726000000, 0x0000000726200000|  0%| F|  |TAMS 0x0000000726000000, 0x0000000726000000| Untracked 
| 297|0x0000000726200000, 0x0000000726200000, 0x0000000726400000|  0%| F|  |TAMS 0x0000000726200000, 0x0000000726200000| Untracked 
| 298|0x0000000726400000, 0x0000000726400000, 0x0000000726600000|  0%| F|  |TAMS 0x0000000726400000, 0x0000000726400000| Untracked 
| 299|0x0000000726600000, 0x0000000726600000, 0x0000000726800000|  0%| F|  |TAMS 0x0000000726600000, 0x0000000726600000| Untracked 
| 300|0x0000000726800000, 0x0000000726800000, 0x0000000726a00000|  0%| F|  |TAMS 0x0000000726800000, 0x0000000726800000| Untracked 
| 301|0x0000000726a00000, 0x0000000726a00000, 0x0000000726c00000|  0%| F|  |TAMS 0x0000000726a00000, 0x0000000726a00000| Untracked 
| 302|0x0000000726c00000, 0x0000000726c00000, 0x0000000726e00000|  0%| F|  |TAMS 0x0000000726c00000, 0x0000000726c00000| Untracked 
| 303|0x0000000726e00000, 0x0000000726e00000, 0x0000000727000000|  0%| F|  |TAMS 0x0000000726e00000, 0x0000000726e00000| Untracked 
| 304|0x0000000727000000, 0x0000000727000000, 0x0000000727200000|  0%| F|  |TAMS 0x0000000727000000, 0x0000000727000000| Untracked 
| 305|0x0000000727200000, 0x0000000727200000, 0x0000000727400000|  0%| F|  |TAMS 0x0000000727200000, 0x0000000727200000| Untracked 
| 306|0x0000000727400000, 0x0000000727400000, 0x0000000727600000|  0%| F|  |TAMS 0x0000000727400000, 0x0000000727400000| Untracked 
| 307|0x0000000727600000, 0x0000000727600000, 0x0000000727800000|  0%| F|  |TAMS 0x0000000727600000, 0x0000000727600000| Untracked 
| 308|0x0000000727800000, 0x0000000727800000, 0x0000000727a00000|  0%| F|  |TAMS 0x0000000727800000, 0x0000000727800000| Untracked 
| 309|0x0000000727a00000, 0x0000000727a00000, 0x0000000727c00000|  0%| F|  |TAMS 0x0000000727a00000, 0x0000000727a00000| Untracked 
| 310|0x0000000727c00000, 0x0000000727c00000, 0x0000000727e00000|  0%| F|  |TAMS 0x0000000727c00000, 0x0000000727c00000| Untracked 
| 311|0x0000000727e00000, 0x0000000727e00000, 0x0000000728000000|  0%| F|  |TAMS 0x0000000727e00000, 0x0000000727e00000| Untracked 
| 312|0x0000000728000000, 0x0000000728000000, 0x0000000728200000|  0%| F|  |TAMS 0x0000000728000000, 0x0000000728000000| Untracked 
| 313|0x0000000728200000, 0x0000000728200000, 0x0000000728400000|  0%| F|  |TAMS 0x0000000728200000, 0x0000000728200000| Untracked 
| 314|0x0000000728400000, 0x0000000728400000, 0x0000000728600000|  0%| F|  |TAMS 0x0000000728400000, 0x0000000728400000| Untracked 
| 315|0x0000000728600000, 0x0000000728600000, 0x0000000728800000|  0%| F|  |TAMS 0x0000000728600000, 0x0000000728600000| Untracked 
| 316|0x0000000728800000, 0x0000000728800000, 0x0000000728a00000|  0%| F|  |TAMS 0x0000000728800000, 0x0000000728800000| Untracked 
| 317|0x0000000728a00000, 0x0000000728a00000, 0x0000000728c00000|  0%| F|  |TAMS 0x0000000728a00000, 0x0000000728a00000| Untracked 
| 318|0x0000000728c00000, 0x0000000728c00000, 0x0000000728e00000|  0%| F|  |TAMS 0x0000000728c00000, 0x0000000728c00000| Untracked 
| 319|0x0000000728e00000, 0x0000000728e00000, 0x0000000729000000|  0%| F|  |TAMS 0x0000000728e00000, 0x0000000728e00000| Untracked 
| 320|0x0000000729000000, 0x0000000729000000, 0x0000000729200000|  0%| F|  |TAMS 0x0000000729000000, 0x0000000729000000| Untracked 
| 321|0x0000000729200000, 0x0000000729200000, 0x0000000729400000|  0%| F|  |TAMS 0x0000000729200000, 0x0000000729200000| Untracked 
| 322|0x0000000729400000, 0x0000000729400000, 0x0000000729600000|  0%| F|  |TAMS 0x0000000729400000, 0x0000000729400000| Untracked 
| 323|0x0000000729600000, 0x0000000729600000, 0x0000000729800000|  0%| F|  |TAMS 0x0000000729600000, 0x0000000729600000| Untracked 
| 324|0x0000000729800000, 0x0000000729800000, 0x0000000729a00000|  0%| F|  |TAMS 0x0000000729800000, 0x0000000729800000| Untracked 
| 325|0x0000000729a00000, 0x0000000729a00000, 0x0000000729c00000|  0%| F|  |TAMS 0x0000000729a00000, 0x0000000729a00000| Untracked 
| 326|0x0000000729c00000, 0x0000000729c00000, 0x0000000729e00000|  0%| F|  |TAMS 0x0000000729c00000, 0x0000000729c00000| Untracked 
| 327|0x0000000729e00000, 0x0000000729e00000, 0x000000072a000000|  0%| F|  |TAMS 0x0000000729e00000, 0x0000000729e00000| Untracked 
| 328|0x000000072a000000, 0x000000072a000000, 0x000000072a200000|  0%| F|  |TAMS 0x000000072a000000, 0x000000072a000000| Untracked 
| 329|0x000000072a200000, 0x000000072a200000, 0x000000072a400000|  0%| F|  |TAMS 0x000000072a200000, 0x000000072a200000| Untracked 
| 330|0x000000072a400000, 0x000000072a400000, 0x000000072a600000|  0%| F|  |TAMS 0x000000072a400000, 0x000000072a400000| Untracked 
| 331|0x000000072a600000, 0x000000072a600000, 0x000000072a800000|  0%| F|  |TAMS 0x000000072a600000, 0x000000072a600000| Untracked 
| 332|0x000000072a800000, 0x000000072a800000, 0x000000072aa00000|  0%| F|  |TAMS 0x000000072a800000, 0x000000072a800000| Untracked 
| 333|0x000000072aa00000, 0x000000072aa00000, 0x000000072ac00000|  0%| F|  |TAMS 0x000000072aa00000, 0x000000072aa00000| Untracked 
| 334|0x000000072ac00000, 0x000000072ac00000, 0x000000072ae00000|  0%| F|  |TAMS 0x000000072ac00000, 0x000000072ac00000| Untracked 
| 335|0x000000072ae00000, 0x000000072ae00000, 0x000000072b000000|  0%| F|  |TAMS 0x000000072ae00000, 0x000000072ae00000| Untracked 
| 336|0x000000072b000000, 0x000000072b000000, 0x000000072b200000|  0%| F|  |TAMS 0x000000072b000000, 0x000000072b000000| Untracked 
| 337|0x000000072b200000, 0x000000072b200000, 0x000000072b400000|  0%| F|  |TAMS 0x000000072b200000, 0x000000072b200000| Untracked 
| 338|0x000000072b400000, 0x000000072b400000, 0x000000072b600000|  0%| F|  |TAMS 0x000000072b400000, 0x000000072b400000| Untracked 
| 339|0x000000072b600000, 0x000000072b600000, 0x000000072b800000|  0%| F|  |TAMS 0x000000072b600000, 0x000000072b600000| Untracked 
| 340|0x000000072b800000, 0x000000072b800000, 0x000000072ba00000|  0%| F|  |TAMS 0x000000072b800000, 0x000000072b800000| Untracked 
| 341|0x000000072ba00000, 0x000000072ba00000, 0x000000072bc00000|  0%| F|  |TAMS 0x000000072ba00000, 0x000000072ba00000| Untracked 
| 342|0x000000072bc00000, 0x000000072bc00000, 0x000000072be00000|  0%| F|  |TAMS 0x000000072bc00000, 0x000000072bc00000| Untracked 
| 343|0x000000072be00000, 0x000000072be00000, 0x000000072c000000|  0%| F|  |TAMS 0x000000072be00000, 0x000000072be00000| Untracked 

Card table byte_map: [0x0000017b14890000,0x0000017b15090000] _byte_map_base: 0x0000017b11088000

Marking Bits (Prev, Next): (CMBitMap*) 0x0000017b0e157930, (CMBitMap*) 0x0000017b0e1578f0
 Prev Bits: [0x0000017b19850000, 0x0000017b1d810000)
 Next Bits: [0x0000017b15890000, 0x0000017b19850000)

Polling page: 0x0000017b0c0d0000

Metaspace:

Usage:
  Non-class:     30.56 MB used.
      Class:      4.51 MB used.
       Both:     35.07 MB used.

Virtual space:
  Non-class space:       32.00 MB reserved,      30.69 MB ( 96%) committed,  4 nodes.
      Class space:        1.00 GB reserved,       4.69 MB ( <1%) committed,  1 nodes.
             Both:        1.03 GB reserved,      35.38 MB (  3%) committed. 

Chunk freelists:
   Non-Class:  1.27 MB
       Class:  3.22 MB
        Both:  4.48 MB

MaxMetaspaceSize: unlimited
CompressedClassSpaceSize: 1.00 GB
Initial GC threshold: 21.00 MB
Current GC threshold: 35.62 MB
CDS: off
MetaspaceReclaimPolicy: balanced
 - commit_granule_bytes: 65536.
 - commit_granule_words: 8192.
 - virtual_space_node_default_size: 1048576.
 - enlarge_chunks_in_place: 1.
 - new_chunks_are_fully_committed: 0.
 - uncommit_free_chunks: 1.
 - use_allocation_guard: 0.
 - handle_deallocations: 1.


Internal statistics:

num_allocs_failed_limit: 6.
num_arena_births: 300.
num_arena_deaths: 0.
num_vsnodes_births: 5.
num_vsnodes_deaths: 0.
num_space_committed: 566.
num_space_uncommitted: 0.
num_chunks_returned_to_freelist: 6.
num_chunks_taken_from_freelist: 1295.
num_chunk_merges: 6.
num_chunk_splits: 919.
num_chunks_enlarged: 729.
num_purges: 0.
num_inconsistent_stats: 0.

CodeCache: size=49152Kb used=9356Kb max_used=9356Kb free=39795Kb
 bounds [0x0000017b10d60000, 0x0000017b11690000, 0x0000017b13d60000]
 total_blobs=4337 nmethods=3806 adapters=454
 compilation: enabled
              stopped_count=0, restarted_count=0
 full_count=0

Compilation events (20 events):
Event: 7.487 Thread 0x0000017b2118a3f0 nmethod 3797 0x0000017b1167b110 code [0x0000017b1167b2c0, 0x0000017b1167b498]
Event: 7.489 Thread 0x0000017b21b6f400 nmethod 3798 0x0000017b1167b590 code [0x0000017b1167b940, 0x0000017b1167ca18]
Event: 7.490 Thread 0x0000017b21b6f400 3799       1       sun.security.util.SignatureFileVerifier::updateSigners (132 bytes)
Event: 7.492 Thread 0x0000017b21b6f400 nmethod 3799 0x0000017b1167d190 code [0x0000017b1167d3c0, 0x0000017b1167d978]
Event: 7.500 Thread 0x0000017b21b6f400 3800       1       sun.security.jca.ProviderConfig::equals (55 bytes)
Event: 7.500 Thread 0x0000017b21b6f400 nmethod 3800 0x0000017b1167dd10 code [0x0000017b1167dec0, 0x0000017b1167e118]
Event: 7.501 Thread 0x0000017b2118a3f0 3801       1       java.util.ArrayList::<init> (61 bytes)
Event: 7.501 Thread 0x0000017b210af5d0 3802       1       sun.security.util.ObjectIdentifier::toString (287 bytes)
Event: 7.502 Thread 0x0000017b2118a3f0 nmethod 3801 0x0000017b1167e210 code [0x0000017b1167e400, 0x0000017b1167e998]
Event: 7.504 Thread 0x0000017b210af5d0 nmethod 3802 0x0000017b1167eb90 code [0x0000017b1167ee40, 0x0000017b1167f6c8]
Event: 7.506 Thread 0x0000017b2118a3f0 3803       1       sun.security.rsa.RSAPublicKeyImpl::getModulus (5 bytes)
Event: 7.506 Thread 0x0000017b2118a3f0 nmethod 3803 0x0000017b1167fc90 code [0x0000017b1167fe20, 0x0000017b1167fef8]
Event: 7.519 Thread 0x0000017b21b6f400 3804   !   1       sun.security.util.ManifestEntryVerifier::verify (417 bytes)
Event: 7.519 Thread 0x0000017b210af5d0 3805       1       sun.security.util.ManifestEntryVerifier::getParams (120 bytes)
Event: 7.519 Thread 0x0000017b21b6d090 3806       1       java.util.jar.JarVerifier::mapSignersToCertArray (68 bytes)
Event: 7.519 Thread 0x0000017b2118a3f0 3807       1       java.util.jar.JarVerifier$VerifierStream::close (30 bytes)
Event: 7.519 Thread 0x0000017b2118a3f0 nmethod 3807 0x0000017b1167ff90 code [0x0000017b11680120, 0x0000017b116802a8]
Event: 7.519 Thread 0x0000017b210af5d0 nmethod 3805 0x0000017b11680310 code [0x0000017b11680520, 0x0000017b11680948]
Event: 7.520 Thread 0x0000017b21b6d090 nmethod 3806 0x0000017b11680b10 code [0x0000017b11680ce0, 0x0000017b11681038]
Event: 7.524 Thread 0x0000017b21b6f400 nmethod 3804 0x0000017b11681210 code [0x0000017b11681560, 0x0000017b11682428]

GC Heap History (20 events):
Event: 4.870 GC heap after
{Heap after GC invocations=10 (full 0):
 garbage-first heap   total 155648K, used 45118K [0x0000000701000000, 0x0000000800000000)
  region size 2048K, 5 young (10240K), 5 survivors (10240K)
 Metaspace       used 34786K, committed 35136K, reserved 1081344K
  class space    used 4514K, committed 4672K, reserved 1048576K
}
Event: 5.078 GC heap before
{Heap before GC invocations=10 (full 0):
 garbage-first heap   total 155648K, used 98366K [0x0000000701000000, 0x0000000800000000)
  region size 2048K, 32 young (65536K), 5 survivors (10240K)
 Metaspace       used 34883K, committed 35200K, reserved 1081344K
  class space    used 4524K, committed 4672K, reserved 1048576K
}
Event: 5.141 GC heap after
{Heap after GC invocations=11 (full 0):
 garbage-first heap   total 155648K, used 59910K [0x0000000701000000, 0x0000000800000000)
  region size 2048K, 4 young (8192K), 4 survivors (8192K)
 Metaspace       used 34883K, committed 35200K, reserved 1081344K
  class space    used 4524K, committed 4672K, reserved 1048576K
}
Event: 5.163 GC heap before
{Heap before GC invocations=11 (full 0):
 garbage-first heap   total 155648K, used 104966K [0x0000000701000000, 0x0000000800000000)
  region size 2048K, 27 young (55296K), 4 survivors (8192K)
 Metaspace       used 34944K, committed 35264K, reserved 1081344K
  class space    used 4534K, committed 4672K, reserved 1048576K
}
Event: 5.172 GC heap after
{Heap after GC invocations=12 (full 0):
 garbage-first heap   total 286720K, used 63797K [0x0000000701000000, 0x0000000800000000)
  region size 2048K, 2 young (4096K), 2 survivors (4096K)
 Metaspace       used 34944K, committed 35264K, reserved 1081344K
  class space    used 4534K, committed 4672K, reserved 1048576K
}
Event: 5.250 GC heap before
{Heap before GC invocations=12 (full 0):
 garbage-first heap   total 286720K, used 192821K [0x0000000701000000, 0x0000000800000000)
  region size 2048K, 66 young (135168K), 2 survivors (4096K)
 Metaspace       used 34990K, committed 35328K, reserved 1081344K
  class space    used 4538K, committed 4736K, reserved 1048576K
}
Event: 5.260 GC heap after
{Heap after GC invocations=13 (full 0):
 garbage-first heap   total 286720K, used 69151K [0x0000000701000000, 0x0000000800000000)
  region size 2048K, 4 young (8192K), 4 survivors (8192K)
 Metaspace       used 34990K, committed 35328K, reserved 1081344K
  class space    used 4538K, committed 4736K, reserved 1048576K
}
Event: 5.304 GC heap before
{Heap before GC invocations=13 (full 0):
 garbage-first heap   total 286720K, used 208415K [0x0000000701000000, 0x0000000800000000)
  region size 2048K, 73 young (149504K), 4 survivors (8192K)
 Metaspace       used 34990K, committed 35328K, reserved 1081344K
  class space    used 4538K, committed 4736K, reserved 1048576K
}
Event: 5.316 GC heap after
{Heap after GC invocations=14 (full 0):
 garbage-first heap   total 286720K, used 74701K [0x0000000701000000, 0x0000000800000000)
  region size 2048K, 7 young (14336K), 7 survivors (14336K)
 Metaspace       used 34990K, committed 35328K, reserved 1081344K
  class space    used 4538K, committed 4736K, reserved 1048576K
}
Event: 5.376 GC heap before
{Heap before GC invocations=14 (full 0):
 garbage-first heap   total 286720K, used 216013K [0x0000000701000000, 0x0000000800000000)
  region size 2048K, 77 young (157696K), 7 survivors (14336K)
 Metaspace       used 34990K, committed 35328K, reserved 1081344K
  class space    used 4538K, committed 4736K, reserved 1048576K
}
Event: 5.392 GC heap after
{Heap after GC invocations=15 (full 0):
 garbage-first heap   total 286720K, used 80625K [0x0000000701000000, 0x0000000800000000)
  region size 2048K, 6 young (12288K), 6 survivors (12288K)
 Metaspace       used 34990K, committed 35328K, reserved 1081344K
  class space    used 4538K, committed 4736K, reserved 1048576K
}
Event: 5.439 GC heap before
{Heap before GC invocations=15 (full 0):
 garbage-first heap   total 286720K, used 219889K [0x0000000701000000, 0x0000000800000000)
  region size 2048K, 76 young (155648K), 6 survivors (12288K)
 Metaspace       used 34990K, committed 35328K, reserved 1081344K
  class space    used 4538K, committed 4736K, reserved 1048576K
}
Event: 5.563 GC heap after
{Heap after GC invocations=16 (full 0):
 garbage-first heap   total 704512K, used 86491K [0x0000000701000000, 0x0000000800000000)
  region size 2048K, 6 young (12288K), 6 survivors (12288K)
 Metaspace       used 34990K, committed 35328K, reserved 1081344K
  class space    used 4538K, committed 4736K, reserved 1048576K
}
Event: 5.876 GC heap before
{Heap before GC invocations=16 (full 0):
 garbage-first heap   total 704512K, used 494043K [0x0000000701000000, 0x0000000800000000)
  region size 2048K, 206 young (421888K), 6 survivors (12288K)
 Metaspace       used 34990K, committed 35328K, reserved 1081344K
  class space    used 4538K, committed 4736K, reserved 1048576K
}
Event: 5.903 GC heap after
{Heap after GC invocations=17 (full 0):
 garbage-first heap   total 704512K, used 102403K [0x0000000701000000, 0x0000000800000000)
  region size 2048K, 14 young (28672K), 14 survivors (28672K)
 Metaspace       used 34990K, committed 35328K, reserved 1081344K
  class space    used 4538K, committed 4736K, reserved 1048576K
}
Event: 6.057 GC heap before
{Heap before GC invocations=17 (full 0):
 garbage-first heap   total 704512K, used 493571K [0x0000000701000000, 0x0000000800000000)
  region size 2048K, 206 young (421888K), 14 survivors (28672K)
 Metaspace       used 34990K, committed 35328K, reserved 1081344K
  class space    used 4538K, committed 4736K, reserved 1048576K
}
Event: 6.094 GC heap after
{Heap after GC invocations=18 (full 0):
 garbage-first heap   total 704512K, used 125005K [0x0000000701000000, 0x0000000800000000)
  region size 2048K, 22 young (45056K), 22 survivors (45056K)
 Metaspace       used 34990K, committed 35328K, reserved 1081344K
  class space    used 4538K, committed 4736K, reserved 1048576K
}
Event: 6.917 GC heap before
{Heap before GC invocations=18 (full 0):
 garbage-first heap   total 704512K, used 499789K [0x0000000701000000, 0x0000000800000000)
  region size 2048K, 206 young (421888K), 22 survivors (45056K)
 Metaspace       used 35122K, committed 35456K, reserved 1081344K
  class space    used 4547K, committed 4736K, reserved 1048576K
}
Event: 6.953 GC heap after
{Heap after GC invocations=19 (full 0):
 garbage-first heap   total 704512K, used 145417K [0x0000000701000000, 0x0000000800000000)
  region size 2048K, 22 young (45056K), 22 survivors (45056K)
 Metaspace       used 35122K, committed 35456K, reserved 1081344K
  class space    used 4547K, committed 4736K, reserved 1048576K
}
Event: 7.555 GC heap before
{Heap before GC invocations=19 (full 0):
 garbage-first heap   total 704512K, used 370697K [0x0000000701000000, 0x0000000800000000)
  region size 2048K, 134 young (274432K), 22 survivors (45056K)
 Metaspace       used 35910K, committed 36224K, reserved 1081344K
  class space    used 4621K, committed 4800K, reserved 1048576K
}

Deoptimization events (20 events):
Event: 1.291 Thread 0x0000017b0e0eba20 DEOPT PACKING pc=0x0000017b11179401 sp=0x000000519d8fdb10
Event: 1.291 Thread 0x0000017b0e0eba20 DEOPT UNPACKING pc=0x0000017b10db2b43 sp=0x000000519d8fcf80 mode 3
Event: 2.010 Thread 0x0000017b0e0eba20 DEOPT PACKING pc=0x0000017b1129d279 sp=0x000000519d8fd2c0
Event: 2.010 Thread 0x0000017b0e0eba20 DEOPT UNPACKING pc=0x0000017b10db2b43 sp=0x000000519d8fc7a0 mode 3
Event: 2.448 Thread 0x0000017b0e0eba20 DEOPT PACKING pc=0x0000017b11364b01 sp=0x000000519d8fcf90
Event: 2.448 Thread 0x0000017b0e0eba20 DEOPT UNPACKING pc=0x0000017b10db2b43 sp=0x000000519d8fc400 mode 3
Event: 3.033 Thread 0x0000017b0e0eba20 DEOPT PACKING pc=0x0000017b113b5dd5 sp=0x000000519d8fd3f0
Event: 3.033 Thread 0x0000017b0e0eba20 DEOPT UNPACKING pc=0x0000017b10db2b43 sp=0x000000519d8fc908 mode 3
Event: 3.385 Thread 0x0000017b0e0eba20 DEOPT PACKING pc=0x0000017b114139f9 sp=0x000000519d8fc830
Event: 3.385 Thread 0x0000017b0e0eba20 DEOPT UNPACKING pc=0x0000017b10db2b43 sp=0x000000519d8fbd10 mode 3
Event: 3.467 Thread 0x0000017b22b76f70 DEOPT PACKING pc=0x0000017b11476193 sp=0x000000519f2fe9f0
Event: 3.467 Thread 0x0000017b22b76f70 DEOPT UNPACKING pc=0x0000017b10db2b43 sp=0x000000519f2fdf38 mode 3
Event: 3.775 Thread 0x0000017b22eb7550 DEOPT PACKING pc=0x0000017b11294c1f sp=0x00000051a03fefb0
Event: 3.775 Thread 0x0000017b22eb7550 DEOPT UNPACKING pc=0x0000017b10db2b43 sp=0x00000051a03fe408 mode 3
Event: 3.777 Thread 0x0000017b22eb4a00 DEOPT PACKING pc=0x0000017b1129e609 sp=0x000000519fcfed70
Event: 3.777 Thread 0x0000017b22eb4a00 DEOPT UNPACKING pc=0x0000017b10db2b43 sp=0x000000519fcfe208 mode 3
Event: 3.958 Thread 0x0000017b22ed9770 DEOPT PACKING pc=0x0000017b115cc5ed sp=0x00000051a0ffd6c0
Event: 3.958 Thread 0x0000017b22ed9770 DEOPT UNPACKING pc=0x0000017b10db2b43 sp=0x00000051a0ffcbe8 mode 3
Event: 7.482 Thread 0x0000017b22ed9770 DEOPT PACKING pc=0x0000017b113d653c sp=0x00000051a0ff8590
Event: 7.482 Thread 0x0000017b22ed9770 DEOPT UNPACKING pc=0x0000017b10db2b43 sp=0x00000051a0ff7a10 mode 3

Classes unloaded (0 events):
No events

Classes redefined (0 events):
No events

Internal exceptions (20 events):
Event: 3.584 Thread 0x0000017b22eb4a00 Exception <a 'sun/nio/fs/WindowsException'{0x0000000709e682a8}> (0x0000000709e682a8) 
thrown [e:\jenkins\tmp\workspace\build\src\src\hotspot\share\prims\jni.cpp, line 516]
Event: 3.584 Thread 0x0000017b22eb4a00 Exception <a 'sun/nio/fs/WindowsException'{0x0000000709e68668}> (0x0000000709e68668) 
thrown [e:\jenkins\tmp\workspace\build\src\src\hotspot\share\prims\jni.cpp, line 516]
Event: 3.584 Thread 0x0000017b22eb4a00 Exception <a 'sun/nio/fs/WindowsException'{0x0000000709e69068}> (0x0000000709e69068) 
thrown [e:\jenkins\tmp\workspace\build\src\src\hotspot\share\prims\jni.cpp, line 516]
Event: 3.584 Thread 0x0000017b22eb4a00 Exception <a 'sun/nio/fs/WindowsException'{0x0000000709e69418}> (0x0000000709e69418) 
thrown [e:\jenkins\tmp\workspace\build\src\src\hotspot\share\prims\jni.cpp, line 516]
Event: 3.584 Thread 0x0000017b22eb4a00 Exception <a 'sun/nio/fs/WindowsException'{0x0000000709e69e18}> (0x0000000709e69e18) 
thrown [e:\jenkins\tmp\workspace\build\src\src\hotspot\share\prims\jni.cpp, line 516]
Event: 3.584 Thread 0x0000017b22eb4a00 Exception <a 'sun/nio/fs/WindowsException'{0x0000000709e6a1d8}> (0x0000000709e6a1d8) 
thrown [e:\jenkins\tmp\workspace\build\src\src\hotspot\share\prims\jni.cpp, line 516]
Event: 3.585 Thread 0x0000017b22eb4a00 Exception <a 'sun/nio/fs/WindowsException'{0x0000000709e6ac00}> (0x0000000709e6ac00) 
thrown [e:\jenkins\tmp\workspace\build\src\src\hotspot\share\prims\jni.cpp, line 516]
Event: 3.585 Thread 0x0000017b22eb4a00 Exception <a 'sun/nio/fs/WindowsException'{0x0000000709e6afe0}> (0x0000000709e6afe0) 
thrown [e:\jenkins\tmp\workspace\build\src\src\hotspot\share\prims\jni.cpp, line 516]
Event: 3.585 Thread 0x0000017b22eb4a00 Exception <a 'sun/nio/fs/WindowsException'{0x0000000709e6ba18}> (0x0000000709e6ba18) 
thrown [e:\jenkins\tmp\workspace\build\src\src\hotspot\share\prims\jni.cpp, line 516]
Event: 3.586 Thread 0x0000017b22eb4a00 Exception <a 'sun/nio/fs/WindowsException'{0x0000000709e6be08}> (0x0000000709e6be08) 
thrown [e:\jenkins\tmp\workspace\build\src\src\hotspot\share\prims\jni.cpp, line 516]
Event: 3.586 Thread 0x0000017b22eb4a00 Exception <a 'sun/nio/fs/WindowsException'{0x0000000709e6c830}> (0x0000000709e6c830) 
thrown [e:\jenkins\tmp\workspace\build\src\src\hotspot\share\prims\jni.cpp, line 516]
Event: 3.586 Thread 0x0000017b22eb4a00 Exception <a 'sun/nio/fs/WindowsException'{0x0000000709e6cc20}> (0x0000000709e6cc20) 
thrown [e:\jenkins\tmp\workspace\build\src\src\hotspot\share\prims\jni.cpp, line 516]
Event: 3.953 Thread 0x0000017b22ed9770 Exception <a 'java/lang/NoSuchMethodError'{0x0000000705672d48}: 'java.lang.Object java.lang.invoke.DirectMethodHandle$Holder.invokeStatic(java.lang.Object, int, java.lang.Object)'> (0x0000000705672d48) 
thrown [e:\jenkins\tmp\workspace\build\src\src\hotspot\share\interpreter\linkResolver.cpp, line 766]
Event: 3.957 Thread 0x0000017b22ed4f40 Exception <a 'java/lang/NoSuchMethodError'{0x0000000705954f38}: 'java.lang.Object java.lang.invoke.DirectMethodHandle$Holder.invokeStatic(java.lang.Object, java.lang.Object, java.lang.Object, int, java.lang.Object, java.lang.Object)'> (0x0000000705954f38) 
thrown [e:\jenkins\tmp\workspace\build\src\src\hotspot\share\interpreter\linkResolver.cpp, line 766]
Event: 4.280 Thread 0x0000017b22edaab0 Exception <a 'java/lang/NoSuchMethodError'{0x0000000707318098}: 'int java.lang.invoke.DirectMethodHandle$Holder.invokeStatic(java.lang.Object)'> (0x0000000707318098) 
thrown [e:\jenkins\tmp\workspace\build\src\src\hotspot\share\interpreter\linkResolver.cpp, line 766]
Event: 4.280 Thread 0x0000017b22edaab0 Exception <a 'java/lang/NoSuchMethodError'{0x000000070731b548}: 'int java.lang.invoke.DirectMethodHandle$Holder.invokeStaticInit(java.lang.Object)'> (0x000000070731b548) 
thrown [e:\jenkins\tmp\workspace\build\src\src\hotspot\share\interpreter\linkResolver.cpp, line 766]
Event: 6.206 Thread 0x0000017b22eb5d40 Exception <a 'sun/nio/fs/WindowsException'{0x00000007262749a0}> (0x00000007262749a0) 
thrown [e:\jenkins\tmp\workspace\build\src\src\hotspot\share\prims\jni.cpp, line 516]
Event: 6.206 Thread 0x0000017b22eb5d40 Exception <a 'sun/nio/fs/WindowsException'{0x0000000726274d70}> (0x0000000726274d70) 
thrown [e:\jenkins\tmp\workspace\build\src\src\hotspot\share\prims\jni.cpp, line 516]
Event: 7.124 Thread 0x0000017b22eb4a00 Exception <a 'sun/nio/fs/WindowsException'{0x00000007273e4e90}> (0x00000007273e4e90) 
thrown [e:\jenkins\tmp\workspace\build\src\src\hotspot\share\prims\jni.cpp, line 516]
Event: 7.124 Thread 0x0000017b22eb4a00 Exception <a 'sun/nio/fs/WindowsException'{0x00000007273e5360}> (0x00000007273e5360) 
thrown [e:\jenkins\tmp\workspace\build\src\src\hotspot\share\prims\jni.cpp, line 516]

VM Operations (20 events):
Event: 6.181 Executing VM operation: ICBufferFull done
Event: 6.181 Executing VM operation: ICBufferFull
Event: 6.181 Executing VM operation: ICBufferFull done
Event: 6.181 Executing VM operation: ICBufferFull
Event: 6.182 Executing VM operation: ICBufferFull done
Event: 6.182 Executing VM operation: ICBufferFull
Event: 6.182 Executing VM operation: ICBufferFull done
Event: 6.182 Executing VM operation: ICBufferFull
Event: 6.183 Executing VM operation: ICBufferFull done
Event: 6.183 Executing VM operation: ICBufferFull
Event: 6.184 Executing VM operation: ICBufferFull done
Event: 6.184 Executing VM operation: ICBufferFull
Event: 6.185 Executing VM operation: ICBufferFull done
Event: 6.185 Executing VM operation: ICBufferFull
Event: 6.186 Executing VM operation: ICBufferFull done
Event: 6.916 Executing VM operation: G1CollectForAllocation
Event: 6.953 Executing VM operation: G1CollectForAllocation done
Event: 7.548 Executing VM operation: CollectForMetadataAllocation
Event: 7.549 Executing VM operation: CollectForMetadataAllocation done
Event: 7.549 Executing VM operation: G1CollectForAllocation

Events (20 events):
Event: 4.055 loading class java/util/concurrent/CompletableFuture$UniCompose
Event: 4.055 loading class java/util/concurrent/CompletableFuture$UniCompose done
Event: 4.055 Thread 0x0000017b22ed6c20 Thread added: 0x0000017b22ed6c20
Event: 4.057 Thread 0x0000017b22edb920 Thread added: 0x0000017b22edb920
Event: 4.057 loading class java/util/concurrent/CompletableFuture$UniRelay
Event: 4.057 loading class java/util/concurrent/CompletableFuture$UniRelay done
Event: 4.135 Thread 0x0000017b22edaab0 Thread added: 0x0000017b22edaab0
Event: 4.286 loading class java/util/concurrent/atomic/AtomicLongFieldUpdater
Event: 4.286 loading class java/util/concurrent/atomic/AtomicLongFieldUpdater done
Event: 4.286 loading class java/util/concurrent/atomic/AtomicLongFieldUpdater$CASUpdater
Event: 4.287 loading class java/util/concurrent/atomic/AtomicLongFieldUpdater$CASUpdater done
Event: 4.287 loading class java/util/concurrent/atomic/AtomicLongFieldUpdater$CASUpdater$1
Event: 4.287 loading class java/util/concurrent/atomic/AtomicLongFieldUpdater$CASUpdater$1 done
Event: 6.122 loading class sun/nio/fs/WindowsChannelFactory$2
Event: 6.122 loading class sun/nio/fs/WindowsChannelFactory$2 done
Event: 7.251 Thread 0x0000017b22ed4a70 Thread added: 0x0000017b22ed4a70
Event: 7.304 loading class java/util/concurrent/CompletionException
Event: 7.304 loading class java/util/concurrent/CompletionException done
Event: 7.384 loading class java/util/stream/Nodes$SpinedNodeBuilder
Event: 7.385 loading class java/util/stream/Nodes$SpinedNodeBuilder done


Dynamic libraries:
0x00007ff6d2f30000 - 0x00007ff6d2f3e000 	c:\Users\losin\.vscode\extensions\redhat.java-1.9.0-win32-x64\jre\17.0.3-win32-x86_64\bin\java.exe
0x00007fffad5e0000 - 0x00007fffad7e9000 	C:\WINDOWS\SYSTEM32\ntdll.dll
0x00007fffac890000 - 0x00007fffac94d000 	C:\WINDOWS\System32\KERNEL32.DLL
0x00007fffaacb0000 - 0x00007fffab02d000 	C:\WINDOWS\System32\KERNELBASE.dll
0x00007fffa47a0000 - 0x00007fffa4831000 	C:\WINDOWS\SYSTEM32\apphelp.dll
0x00007fffab220000 - 0x00007fffab331000 	C:\WINDOWS\System32\ucrtbase.dll
0x00007fff955b0000 - 0x00007fff955c9000 	c:\Users\losin\.vscode\extensions\redhat.java-1.9.0-win32-x64\jre\17.0.3-win32-x86_64\bin\VCRUNTIME140.dll
0x00007fff95960000 - 0x00007fff95978000 	c:\Users\losin\.vscode\extensions\redhat.java-1.9.0-win32-x64\jre\17.0.3-win32-x86_64\bin\jli.dll
0x00007fffad0a0000 - 0x00007fffad24d000 	C:\WINDOWS\System32\USER32.dll
0x00007fff99e50000 - 0x00007fff9a0f5000 	C:\WINDOWS\WinSxS\amd64_microsoft.windows.common-controls_6595b64144ccf1df_6.0.22000.120_none_9d947278b86cc467\COMCTL32.dll
0x00007fffab030000 - 0x00007fffab056000 	C:\WINDOWS\System32\win32u.dll
0x00007fffad330000 - 0x00007fffad3d3000 	C:\WINDOWS\System32\msvcrt.dll
0x00007fffab560000 - 0x00007fffab589000 	C:\WINDOWS\System32\GDI32.dll
0x00007fffab100000 - 0x00007fffab218000 	C:\WINDOWS\System32\gdi32full.dll
0x00007fffab060000 - 0x00007fffab0fd000 	C:\WINDOWS\System32\msvcp_win.dll
0x00007fffac690000 - 0x00007fffac6c1000 	C:\WINDOWS\System32\IMM32.DLL
0x00007fff95200000 - 0x00007fff9520c000 	c:\Users\losin\.vscode\extensions\redhat.java-1.9.0-win32-x64\jre\17.0.3-win32-x86_64\bin\vcruntime140_1.dll
0x00007fff7c1e0000 - 0x00007fff7c271000 	c:\Users\losin\.vscode\extensions\redhat.java-1.9.0-win32-x64\jre\17.0.3-win32-x86_64\bin\msvcp140.dll
0x00007fff12450000 - 0x00007fff13098000 	c:\Users\losin\.vscode\extensions\redhat.java-1.9.0-win32-x64\jre\17.0.3-win32-x86_64\bin\server\jvm.dll
0x00007fffac5c0000 - 0x00007fffac66e000 	C:\WINDOWS\System32\ADVAPI32.dll
0x00007fffad500000 - 0x00007fffad59e000 	C:\WINDOWS\System32\sechost.dll
0x00007fffac760000 - 0x00007fffac880000 	C:\WINDOWS\System32\RPCRT4.dll
0x00007fffac6d0000 - 0x00007fffac6d8000 	C:\WINDOWS\System32\PSAPI.DLL
0x00007fff978e0000 - 0x00007fff978e9000 	C:\WINDOWS\SYSTEM32\WSOCK32.dll
0x00007fffa02d0000 - 0x00007fffa0303000 	C:\WINDOWS\SYSTEM32\WINMM.dll
0x00007fffab640000 - 0x00007fffab6af000 	C:\WINDOWS\System32\WS2_32.dll
0x00007fffa2410000 - 0x00007fffa241a000 	C:\WINDOWS\SYSTEM32\VERSION.dll
0x00007fffa9c30000 - 0x00007fffa9c48000 	C:\WINDOWS\SYSTEM32\kernel.appcore.dll
0x00007fff951f0000 - 0x00007fff951fa000 	c:\Users\losin\.vscode\extensions\redhat.java-1.9.0-win32-x64\jre\17.0.3-win32-x86_64\bin\jimage.dll
0x00007fffa8300000 - 0x00007fffa8521000 	C:\WINDOWS\SYSTEM32\DBGHELP.DLL
0x00007fff9acf0000 - 0x00007fff9ad21000 	C:\WINDOWS\SYSTEM32\dbgcore.DLL
0x00007fffaac30000 - 0x00007fffaacaf000 	C:\WINDOWS\System32\bcryptPrimitives.dll
0x00007fff8e770000 - 0x00007fff8e795000 	c:\Users\losin\.vscode\extensions\redhat.java-1.9.0-win32-x64\jre\17.0.3-win32-x86_64\bin\java.dll
0x00007fff939e0000 - 0x00007fff939f8000 	c:\Users\losin\.vscode\extensions\redhat.java-1.9.0-win32-x64\jre\17.0.3-win32-x86_64\bin\zip.dll
0x00007fffabe00000 - 0x00007fffac5b8000 	C:\WINDOWS\System32\SHELL32.dll
0x00007fffa8c10000 - 0x00007fffa9478000 	C:\WINDOWS\SYSTEM32\windows.storage.dll
0x00007fffaca40000 - 0x00007fffacdb9000 	C:\WINDOWS\System32\combase.dll
0x00007fffa8aa0000 - 0x00007fffa8c06000 	C:\WINDOWS\SYSTEM32\wintypes.dll
0x00007fffab470000 - 0x00007fffab55a000 	C:\WINDOWS\System32\SHCORE.dll
0x00007fffab930000 - 0x00007fffab98d000 	C:\WINDOWS\System32\shlwapi.dll
0x00007fffaa9f0000 - 0x00007fffaaa11000 	C:\WINDOWS\SYSTEM32\profapi.dll
0x00007fff8da30000 - 0x00007fff8da49000 	C:\Users\losin\.vscode\extensions\redhat.java-1.9.0-win32-x64\jre\17.0.3-win32-x86_64\bin\net.dll
0x00007fffa5690000 - 0x00007fffa579c000 	C:\WINDOWS\SYSTEM32\WINHTTP.dll
0x00007fffaa060000 - 0x00007fffaa0c7000 	C:\WINDOWS\system32\mswsock.dll
0x00007fff8d2e0000 - 0x00007fff8d2f5000 	C:\Users\losin\.vscode\extensions\redhat.java-1.9.0-win32-x64\jre\17.0.3-win32-x86_64\bin\nio.dll
0x00007fff904b0000 - 0x00007fff904c0000 	c:\Users\losin\.vscode\extensions\redhat.java-1.9.0-win32-x64\jre\17.0.3-win32-x86_64\bin\verify.dll
0x00007fff8e980000 - 0x00007fff8e989000 	C:\Users\losin\.vscode\extensions\redhat.java-1.9.0-win32-x64\jre\17.0.3-win32-x86_64\bin\management.dll
0x00007fff8da20000 - 0x00007fff8da2b000 	C:\Users\losin\.vscode\extensions\redhat.java-1.9.0-win32-x64\jre\17.0.3-win32-x86_64\bin\management_ext.dll
0x00007fff8d7d0000 - 0x00007fff8d7e7000 	C:\WINDOWS\system32\napinsp.dll
0x00007fff8d7b0000 - 0x00007fff8d7cb000 	C:\WINDOWS\system32\pnrpnsp.dll
0x00007fffa97b0000 - 0x00007fffa9898000 	C:\WINDOWS\SYSTEM32\DNSAPI.dll
0x00007fffa9740000 - 0x00007fffa976d000 	C:\WINDOWS\SYSTEM32\IPHLPAPI.DLL
0x00007fffab8c0000 - 0x00007fffab8c9000 	C:\WINDOWS\System32\NSI.dll
0x00007fff8d790000 - 0x00007fff8d7a2000 	C:\WINDOWS\System32\winrnr.dll
0x00007fffa4b80000 - 0x00007fffa4b95000 	C:\WINDOWS\system32\wshbth.dll
0x00007fff8d770000 - 0x00007fff8d78f000 	C:\WINDOWS\system32\nlansp_c.dll
0x00007fff9c560000 - 0x00007fff9c56a000 	C:\Windows\System32\rasadhlp.dll
0x00007fffa3cb0000 - 0x00007fffa3d31000 	C:\WINDOWS\System32\fwpuclnt.dll
0x00007fffaa2d0000 - 0x00007fffaa2e8000 	C:\WINDOWS\SYSTEM32\CRYPTSP.dll
0x00007fffa9b90000 - 0x00007fffa9bc5000 	C:\WINDOWS\system32\rsaenh.dll
0x00007fffaa160000 - 0x00007fffaa189000 	C:\WINDOWS\SYSTEM32\USERENV.dll
0x00007fffaa4a0000 - 0x00007fffaa4c7000 	C:\WINDOWS\SYSTEM32\bcrypt.dll
0x00007fffaa2f0000 - 0x00007fffaa2fc000 	C:\WINDOWS\SYSTEM32\CRYPTBASE.dll
0x00007fffa5670000 - 0x00007fffa5689000 	C:\WINDOWS\SYSTEM32\dhcpcsvc6.DLL
0x00007fffa5ac0000 - 0x00007fffa5ade000 	C:\WINDOWS\SYSTEM32\dhcpcsvc.DLL

dbghelp: loaded successfully - version: 4.0.5 - missing functions: none
symbol engine: initialized successfully - sym options: 0x614 - pdb path: .;c:\Users\losin\.vscode\extensions\redhat.java-1.9.0-win32-x64\jre\17.0.3-win32-x86_64\bin;C:\WINDOWS\SYSTEM32;C:\WINDOWS\WinSxS\amd64_microsoft.windows.common-controls_6595b64144ccf1df_6.0.22000.120_none_9d947278b86cc467;c:\Users\losin\.vscode\extensions\redhat.java-1.9.0-win32-x64\jre\17.0.3-win32-x86_64\bin\server

VM Arguments:
jvm_args: -Dsts.lsp.client=vscode -Dsts.log.file=/dev/null -XX:TieredStopAtLevel=1 -Dspring.config.location=file:c:\Users\losin\.vscode\extensions\pivotal.vscode-spring-boot-1.38.0\language-server\BOOT-INF\classes\application.properties 
java_command: org.springframework.ide.vscode.boot.app.BootLanguageServerBootApp
java_class_path (initial): c:\Users\losin\.vscode\extensions\pivotal.vscode-spring-boot-1.38.0\language-server\BOOT-INF\classes;c:\Users\losin\.vscode\extensions\pivotal.vscode-spring-boot-1.38.0\language-server\BOOT-INF\lib\annotations-23.0.0.jar;c:\Users\losin\.vscode\extensions\pivotal.vscode-spring-boot-1.38.0\language-server\BOOT-INF\lib\antlr-runtime-3.5.2.jar;c:\Users\losin\.vscode\extensions\pivotal.vscode-spring-boot-1.38.0\language-server\BOOT-INF\lib\antlr4-4.9.3.jar;c:\Users\losin\.vscode\extensions\pivotal.vscode-spring-boot-1.38.0\language-server\BOOT-INF\lib\antlr4-runtime-4.9.3.jar;c:\Users\losin\.vscode\extensions\pivotal.vscode-spring-boot-1.38.0\language-server\BOOT-INF\lib\asm-9.3.jar;c:\Users\losin\.vscode\extensions\pivotal.vscode-spring-boot-1.38.0\language-server\BOOT-INF\lib\asm-analysis-9.3.jar;c:\Users\losin\.vscode\extensions\pivotal.vscode-spring-boot-1.38.0\language-server\BOOT-INF\lib\asm-tree-9.3.jar;c:\Users\losin\.vscode\extensions\pivotal.vscode-spring-boot-1.38.0\language-server\BOOT-INF\lib\asm-util-9.3.jar;c:\Users\losin\.vscode\extensions\pivotal.vscode-spring-boot-1.38.0\language-server\BOOT-INF\lib\byte-buddy-1.10.18.jar;c:\Users\losin\.vscode\extensions\pivotal.vscode-spring-boot-1.38.0\language-server\BOOT-INF\lib\caffeine-2.8.6.jar;c:\Users\losin\.vscode\extensions\pivotal.vscode-spring-boot-1.38.0\language-server\BOOT-INF\lib\checker-qual-3.12.0.jar;c:\Users\losin\.vscode\extensions\pivotal.vscode-spring-boot-1.38.0\language-server\BOOT-INF\lib\classgraph-4.8.149.jar;c:\Users\losin\.vscode\extensions\pivotal.vscode-spring-boot-1.38.0\language-server\BOOT-INF\lib\commons-codec-1.14.jar;c:\Users\losin\.vscode\extensions\pivotal.vscode-spring-boot-1.38.0\language-server\BOOT-INF\lib\commons-compress-1.21.jar;c:\Users\losin\.vscode\extensions\pivotal.vscode-spring-boot-1.38.0\language-server\BOOT-INF\lib\commons-exec-1.3.jar;c:\Users\losin\.vscode\extensions\pivotal.vscode-spring-boot-1.38.0\language-server\BOOT-INF\lib\com
Launcher Type: SUN_STANDARD

[Global flags]
     intx CICompilerCount                          = 4                                         {product} {ergonomic}
     uint ConcGCThreads                            = 3                                         {product} {ergonomic}
     uint G1ConcRefinementThreads                  = 10                                        {product} {ergonomic}
   size_t G1HeapRegionSize                         = 2097152                                   {product} {ergonomic}
    uintx GCDrainStackTargetSize                   = 64                                        {product} {ergonomic}
   size_t InitialHeapSize                          = 268435456                                 {product} {ergonomic}
   size_t MarkStackSize                            = 4194304                                   {product} {ergonomic}
   size_t MaxHeapSize                              = 4278190080                                {product} {ergonomic}
   size_t MaxNewSize                               = 2566914048                                {product} {ergonomic}
   size_t MinHeapDeltaBytes                        = 2097152                                   {product} {ergonomic}
   size_t MinHeapSize                              = 8388608                                   {product} {ergonomic}
    uintx NonProfiledCodeHeapSize                  = 0                                      {pd product} {ergonomic}
     bool ProfileInterpreter                       = false                                  {pd product} {command line}
    uintx ProfiledCodeHeapSize                     = 0                                      {pd product} {ergonomic}
   size_t SoftMaxHeapSize                          = 4278190080                             {manageable} {ergonomic}
     intx TieredStopAtLevel                        = 1                                         {product} {command line}
     bool UseCompressedClassPointers               = true                           {product lp64_product} {ergonomic}
     bool UseCompressedOops                        = true                           {product lp64_product} {ergonomic}
     bool UseG1GC                                  = true                                      {product} {ergonomic}
     bool UseLargePagesIndividualAllocation        = false                                  {pd product} {ergonomic}

Logging:
Log output configuration:
 #0: stdout all=warning uptime,level,tags
 #1: stderr all=off uptime,level,tags

Environment Variables:
JAVA_HOME=C:\Program Files\Eclipse Adoptium\jdk-11.0.13.8-hotspot\
PATH=C:\Program Files\Eclipse Adoptium\jdk-11.0.13.8-hotspot\bin;C:\Program Files\Eclipse Foundation\jdk-8.0.302.8-hotspot\bin;C:\Program Files (x86)\Razer Chroma SDK\bin;C:\Program Files\Razer Chroma SDK\bin;C:\Program Files (x86)\Razer\ChromaBroadcast\bin;C:\Program Files\Razer\ChromaBroadcast\bin;C:\Windows\system32;C:\Windows;C:\Windows\System32\Wbem;C:\Windows\System32\WindowsPowerShell\v1.0\;C:\Windows\System32\OpenSSH\;C:\Program Files\Git\cmd;d:\Program Files\WinSCP\;C:\Program Files (x86)\Lua\5.1;C:\Program Files (x86)\Lua\5.1\clibs;C:\Windows\system32\config\systemprofile\AppData\Local\Microsoft\WindowsApps;C:\Program Files\dotnet\;C:\Program Files (x86)\dotnet\;C:\Program Files\Apache\maven\bin;C:\WINDOWS\system32;C:\WINDOWS;C:\WINDOWS\System32\Wbem;C:\WINDOWS\System32\WindowsPowerShell\v1.0\;C:\WINDOWS\System32\OpenSSH\;C:\Users\losin\AppData\Local\Microsoft\WindowsApps;C:\Users\losin\AppData\Local\Programs\Microsoft VS Code\bin;C:\Users\losin\AppData\Local\GitHubDesktop\bin;
USERNAME=losin
OS=Windows_NT
PROCESSOR_IDENTIFIER=AMD64 Family 23 Model 1 Stepping 1, AuthenticAMD



---------------  S Y S T E M  ---------------

OS:
 Windows 11 , 64 bit Build 22000 (10.0.22000.708)
OS uptime: 4 days 8:13 hours

CPU: total 12 (initial active 12) (12 cores per cpu, 2 threads per core) family 23 model 1 stepping 1 microcode 0x0, cx8, cmov, fxsr, ht, mmx, 3dnowpref, sse, sse2, sse3, ssse3, sse4a, sse4.1, sse4.2, popcnt, lzcnt, tsc, tscinvbit, avx, avx2, aes, clmul, bmi1, bmi2, adx, sha, fma, vzeroupper, clflush, clflushopt

Memory: 4k page, system-wide physical 16312M (486M free)
TotalPageFile size 45789M (AvailPageFile size 255M)
current process WorkingSet (physical memory assigned to process): 825M, peak: 825M
current process commit charge ("private bytes"): 852M, peak: 2046M

vm_info: OpenJDK 64-Bit Server VM (17.0.3+7) for windows-amd64 JRE (17.0.3+7), built on Apr 19 2022 16:55:35 by "" with MS VC++ 16.7 (VS2019)

END.
